[16-Oct-2024 10:36:44 Europe/Berlin] SQLSTATE[42S02]: Base table or view not found: 1146 Table 'docconnect_db.messages' doesn't exist
[16-Oct-2024 10:36:56 Europe/Berlin] SQLSTATE[42S02]: Base table or view not found: 1146 Table 'docconnect_db.messages' doesn't exist
[20-Oct-2024 06:19:53 Europe/Berlin] SQLSTATE[42S02]: Base table or view not found: 1146 Table 'docconnect_db.messages' doesn't exist
[20-Oct-2024 06:20:00 Europe/Berlin] SQLSTATE[42S02]: Base table or view not found: 1146 Table 'docconnect_db.messages' doesn't exist
[20-Oct-2024 06:20:01 Europe/Berlin] SQLSTATE[42S02]: Base table or view not found: 1146 Table 'docconnect_db.messages' doesn't exist
[20-Oct-2024 06:20:01 Europe/Berlin] SQLSTATE[42S02]: Base table or view not found: 1146 Table 'docconnect_db.messages' doesn't exist
[20-Oct-2024 06:20:01 Europe/Berlin] SQLSTATE[42S02]: Base table or view not found: 1146 Table 'docconnect_db.messages' doesn't exist
[20-Oct-2024 06:20:01 Europe/Berlin] SQLSTATE[42S02]: Base table or view not found: 1146 Table 'docconnect_db.messages' doesn't exist
[20-Oct-2024 06:20:02 Europe/Berlin] SQLSTATE[42S02]: Base table or view not found: 1146 Table 'docconnect_db.messages' doesn't exist
[20-Oct-2024 06:20:02 Europe/Berlin] SQLSTATE[42S02]: Base table or view not found: 1146 Table 'docconnect_db.messages' doesn't exist
[20-Oct-2024 06:20:02 Europe/Berlin] SQLSTATE[42S02]: Base table or view not found: 1146 Table 'docconnect_db.messages' doesn't exist
[20-Oct-2024 06:20:04 Europe/Berlin] SQLSTATE[42S02]: Base table or view not found: 1146 Table 'docconnect_db.messages' doesn't exist
[20-Oct-2024 07:40:09 Europe/Berlin] PHP Warning:  require_once(../classes/messages.class.php): Failed to open stream: No such file or directory in C:\xampp\htdocs\DocConnect\handlers\get_chats.php on line 11
[20-Oct-2024 07:40:09 Europe/Berlin] PHP Fatal error:  Uncaught Error: Failed opening required '../classes/messages.class.php' (include_path='C:\xampp\php\PEAR') in C:\xampp\htdocs\DocConnect\handlers\get_chats.php:11
Stack trace:
#0 {main}
  thrown in C:\xampp\htdocs\DocConnect\handlers\get_chats.php on line 11
[20-Oct-2024 07:40:11 Europe/Berlin] PHP Warning:  require_once(../classes/messages.class.php): Failed to open stream: No such file or directory in C:\xampp\htdocs\DocConnect\handlers\get_chats.php on line 11
[20-Oct-2024 07:40:11 Europe/Berlin] PHP Fatal error:  Uncaught Error: Failed opening required '../classes/messages.class.php' (include_path='C:\xampp\php\PEAR') in C:\xampp\htdocs\DocConnect\handlers\get_chats.php:11
Stack trace:
#0 {main}
  thrown in C:\xampp\htdocs\DocConnect\handlers\get_chats.php on line 11
[20-Oct-2024 07:40:11 Europe/Berlin] PHP Warning:  require_once(../classes/messages.class.php): Failed to open stream: No such file or directory in C:\xampp\htdocs\DocConnect\handlers\get_chats.php on line 11
[20-Oct-2024 07:40:11 Europe/Berlin] PHP Fatal error:  Uncaught Error: Failed opening required '../classes/messages.class.php' (include_path='C:\xampp\php\PEAR') in C:\xampp\htdocs\DocConnect\handlers\get_chats.php:11
Stack trace:
#0 {main}
  thrown in C:\xampp\htdocs\DocConnect\handlers\get_chats.php on line 11
[20-Oct-2024 07:40:12 Europe/Berlin] PHP Warning:  require_once(../classes/messages.class.php): Failed to open stream: No such file or directory in C:\xampp\htdocs\DocConnect\handlers\get_chats.php on line 11
[20-Oct-2024 07:40:12 Europe/Berlin] PHP Fatal error:  Uncaught Error: Failed opening required '../classes/messages.class.php' (include_path='C:\xampp\php\PEAR') in C:\xampp\htdocs\DocConnect\handlers\get_chats.php:11
Stack trace:
#0 {main}
  thrown in C:\xampp\htdocs\DocConnect\handlers\get_chats.php on line 11
[20-Oct-2024 07:40:15 Europe/Berlin] PHP Warning:  require_once(../classes/messages.class.php): Failed to open stream: No such file or directory in C:\xampp\htdocs\DocConnect\handlers\get_chats.php on line 11
[20-Oct-2024 07:40:15 Europe/Berlin] PHP Fatal error:  Uncaught Error: Failed opening required '../classes/messages.class.php' (include_path='C:\xampp\php\PEAR') in C:\xampp\htdocs\DocConnect\handlers\get_chats.php:11
Stack trace:
#0 {main}
  thrown in C:\xampp\htdocs\DocConnect\handlers\get_chats.php on line 11
[20-Oct-2024 07:40:18 Europe/Berlin] PHP Warning:  require_once(../classes/messages.class.php): Failed to open stream: No such file or directory in C:\xampp\htdocs\DocConnect\handlers\get_chats.php on line 11
[20-Oct-2024 07:40:18 Europe/Berlin] PHP Fatal error:  Uncaught Error: Failed opening required '../classes/messages.class.php' (include_path='C:\xampp\php\PEAR') in C:\xampp\htdocs\DocConnect\handlers\get_chats.php:11
Stack trace:
#0 {main}
  thrown in C:\xampp\htdocs\DocConnect\handlers\get_chats.php on line 11
[20-Oct-2024 07:40:18 Europe/Berlin] PHP Warning:  require_once(../classes/messages.class.php): Failed to open stream: No such file or directory in C:\xampp\htdocs\DocConnect\handlers\get_chats.php on line 11
[20-Oct-2024 07:40:18 Europe/Berlin] PHP Fatal error:  Uncaught Error: Failed opening required '../classes/messages.class.php' (include_path='C:\xampp\php\PEAR') in C:\xampp\htdocs\DocConnect\handlers\get_chats.php:11
Stack trace:
#0 {main}
  thrown in C:\xampp\htdocs\DocConnect\handlers\get_chats.php on line 11
[20-Oct-2024 07:40:19 Europe/Berlin] PHP Warning:  require_once(../classes/messages.class.php): Failed to open stream: No such file or directory in C:\xampp\htdocs\DocConnect\handlers\get_chats.php on line 11
[20-Oct-2024 07:40:19 Europe/Berlin] PHP Fatal error:  Uncaught Error: Failed opening required '../classes/messages.class.php' (include_path='C:\xampp\php\PEAR') in C:\xampp\htdocs\DocConnect\handlers\get_chats.php:11
Stack trace:
#0 {main}
  thrown in C:\xampp\htdocs\DocConnect\handlers\get_chats.php on line 11
[20-Oct-2024 07:41:33 Europe/Berlin] PHP Warning:  require_once(../classes/messages.class.php): Failed to open stream: No such file or directory in C:\xampp\htdocs\DocConnect\handlers\get_chats.php on line 11
[20-Oct-2024 07:41:33 Europe/Berlin] PHP Fatal error:  Uncaught Error: Failed opening required '../classes/messages.class.php' (include_path='C:\xampp\php\PEAR') in C:\xampp\htdocs\DocConnect\handlers\get_chats.php:11
Stack trace:
#0 {main}
  thrown in C:\xampp\htdocs\DocConnect\handlers\get_chats.php on line 11
[20-Oct-2024 07:41:33 Europe/Berlin] PHP Warning:  require_once(../classes/messages.class.php): Failed to open stream: No such file or directory in C:\xampp\htdocs\DocConnect\handlers\get_chats.php on line 11
[20-Oct-2024 07:41:33 Europe/Berlin] PHP Fatal error:  Uncaught Error: Failed opening required '../classes/messages.class.php' (include_path='C:\xampp\php\PEAR') in C:\xampp\htdocs\DocConnect\handlers\get_chats.php:11
Stack trace:
#0 {main}
  thrown in C:\xampp\htdocs\DocConnect\handlers\get_chats.php on line 11
[20-Oct-2024 07:41:34 Europe/Berlin] PHP Warning:  require_once(../classes/messages.class.php): Failed to open stream: No such file or directory in C:\xampp\htdocs\DocConnect\handlers\get_chats.php on line 11
[20-Oct-2024 07:41:34 Europe/Berlin] PHP Fatal error:  Uncaught Error: Failed opening required '../classes/messages.class.php' (include_path='C:\xampp\php\PEAR') in C:\xampp\htdocs\DocConnect\handlers\get_chats.php:11
Stack trace:
#0 {main}
  thrown in C:\xampp\htdocs\DocConnect\handlers\get_chats.php on line 11
[20-Oct-2024 07:41:34 Europe/Berlin] PHP Warning:  require_once(../classes/messages.class.php): Failed to open stream: No such file or directory in C:\xampp\htdocs\DocConnect\handlers\get_chats.php on line 11
[20-Oct-2024 07:41:34 Europe/Berlin] PHP Fatal error:  Uncaught Error: Failed opening required '../classes/messages.class.php' (include_path='C:\xampp\php\PEAR') in C:\xampp\htdocs\DocConnect\handlers\get_chats.php:11
Stack trace:
#0 {main}
  thrown in C:\xampp\htdocs\DocConnect\handlers\get_chats.php on line 11
[20-Oct-2024 07:41:34 Europe/Berlin] PHP Warning:  require_once(../classes/messages.class.php): Failed to open stream: No such file or directory in C:\xampp\htdocs\DocConnect\handlers\get_chats.php on line 11
[20-Oct-2024 07:41:34 Europe/Berlin] PHP Fatal error:  Uncaught Error: Failed opening required '../classes/messages.class.php' (include_path='C:\xampp\php\PEAR') in C:\xampp\htdocs\DocConnect\handlers\get_chats.php:11
Stack trace:
#0 {main}
  thrown in C:\xampp\htdocs\DocConnect\handlers\get_chats.php on line 11
[20-Oct-2024 07:41:39 Europe/Berlin] SQLSTATE[23000]: Integrity constraint violation: 1452 Cannot add or update a child row: a foreign key constraint fails (`docconnect_db`.`messages`, CONSTRAINT `fk_mesaccr` FOREIGN KEY (`receiver_id`) REFERENCES `account` (`account_id`))
[20-Oct-2024 07:41:41 Europe/Berlin] SQLSTATE[23000]: Integrity constraint violation: 1452 Cannot add or update a child row: a foreign key constraint fails (`docconnect_db`.`messages`, CONSTRAINT `fk_mesaccr` FOREIGN KEY (`receiver_id`) REFERENCES `account` (`account_id`))
[20-Oct-2024 07:42:01 Europe/Berlin] PHP Warning:  require_once(../classes/messages.class.php): Failed to open stream: No such file or directory in C:\xampp\htdocs\DocConnect\handlers\get_chats.php on line 11
[20-Oct-2024 07:42:01 Europe/Berlin] PHP Fatal error:  Uncaught Error: Failed opening required '../classes/messages.class.php' (include_path='C:\xampp\php\PEAR') in C:\xampp\htdocs\DocConnect\handlers\get_chats.php:11
Stack trace:
#0 {main}
  thrown in C:\xampp\htdocs\DocConnect\handlers\get_chats.php on line 11
[20-Oct-2024 07:42:01 Europe/Berlin] PHP Warning:  require_once(../classes/messages.class.php): Failed to open stream: No such file or directory in C:\xampp\htdocs\DocConnect\handlers\get_chats.php on line 11
[20-Oct-2024 07:42:01 Europe/Berlin] PHP Fatal error:  Uncaught Error: Failed opening required '../classes/messages.class.php' (include_path='C:\xampp\php\PEAR') in C:\xampp\htdocs\DocConnect\handlers\get_chats.php:11
Stack trace:
#0 {main}
  thrown in C:\xampp\htdocs\DocConnect\handlers\get_chats.php on line 11
[20-Oct-2024 07:42:02 Europe/Berlin] PHP Warning:  require_once(../classes/messages.class.php): Failed to open stream: No such file or directory in C:\xampp\htdocs\DocConnect\handlers\get_chats.php on line 11
[20-Oct-2024 07:42:02 Europe/Berlin] PHP Fatal error:  Uncaught Error: Failed opening required '../classes/messages.class.php' (include_path='C:\xampp\php\PEAR') in C:\xampp\htdocs\DocConnect\handlers\get_chats.php:11
Stack trace:
#0 {main}
  thrown in C:\xampp\htdocs\DocConnect\handlers\get_chats.php on line 11
[20-Oct-2024 07:42:02 Europe/Berlin] PHP Warning:  require_once(../classes/messages.class.php): Failed to open stream: No such file or directory in C:\xampp\htdocs\DocConnect\handlers\get_chats.php on line 11
[20-Oct-2024 07:42:02 Europe/Berlin] PHP Fatal error:  Uncaught Error: Failed opening required '../classes/messages.class.php' (include_path='C:\xampp\php\PEAR') in C:\xampp\htdocs\DocConnect\handlers\get_chats.php:11
Stack trace:
#0 {main}
  thrown in C:\xampp\htdocs\DocConnect\handlers\get_chats.php on line 11
[20-Oct-2024 07:42:02 Europe/Berlin] PHP Warning:  require_once(../classes/messages.class.php): Failed to open stream: No such file or directory in C:\xampp\htdocs\DocConnect\handlers\get_chats.php on line 11
[20-Oct-2024 07:42:02 Europe/Berlin] PHP Fatal error:  Uncaught Error: Failed opening required '../classes/messages.class.php' (include_path='C:\xampp\php\PEAR') in C:\xampp\htdocs\DocConnect\handlers\get_chats.php:11
Stack trace:
#0 {main}
  thrown in C:\xampp\htdocs\DocConnect\handlers\get_chats.php on line 11
[20-Oct-2024 07:42:02 Europe/Berlin] PHP Warning:  require_once(../classes/messages.class.php): Failed to open stream: No such file or directory in C:\xampp\htdocs\DocConnect\handlers\get_chats.php on line 11
[20-Oct-2024 07:42:02 Europe/Berlin] PHP Fatal error:  Uncaught Error: Failed opening required '../classes/messages.class.php' (include_path='C:\xampp\php\PEAR') in C:\xampp\htdocs\DocConnect\handlers\get_chats.php:11
Stack trace:
#0 {main}
  thrown in C:\xampp\htdocs\DocConnect\handlers\get_chats.php on line 11
[20-Oct-2024 07:42:02 Europe/Berlin] PHP Warning:  require_once(../classes/messages.class.php): Failed to open stream: No such file or directory in C:\xampp\htdocs\DocConnect\handlers\get_chats.php on line 11
[20-Oct-2024 07:42:02 Europe/Berlin] PHP Fatal error:  Uncaught Error: Failed opening required '../classes/messages.class.php' (include_path='C:\xampp\php\PEAR') in C:\xampp\htdocs\DocConnect\handlers\get_chats.php:11
Stack trace:
#0 {main}
  thrown in C:\xampp\htdocs\DocConnect\handlers\get_chats.php on line 11
[20-Oct-2024 07:42:03 Europe/Berlin] PHP Warning:  require_once(../classes/messages.class.php): Failed to open stream: No such file or directory in C:\xampp\htdocs\DocConnect\handlers\get_chats.php on line 11
[20-Oct-2024 07:42:03 Europe/Berlin] PHP Fatal error:  Uncaught Error: Failed opening required '../classes/messages.class.php' (include_path='C:\xampp\php\PEAR') in C:\xampp\htdocs\DocConnect\handlers\get_chats.php:11
Stack trace:
#0 {main}
  thrown in C:\xampp\htdocs\DocConnect\handlers\get_chats.php on line 11
[20-Oct-2024 07:42:03 Europe/Berlin] PHP Warning:  require_once(../classes/messages.class.php): Failed to open stream: No such file or directory in C:\xampp\htdocs\DocConnect\handlers\get_chats.php on line 11
[20-Oct-2024 07:42:03 Europe/Berlin] PHP Fatal error:  Uncaught Error: Failed opening required '../classes/messages.class.php' (include_path='C:\xampp\php\PEAR') in C:\xampp\htdocs\DocConnect\handlers\get_chats.php:11
Stack trace:
#0 {main}
  thrown in C:\xampp\htdocs\DocConnect\handlers\get_chats.php on line 11
[20-Oct-2024 07:42:03 Europe/Berlin] PHP Warning:  require_once(../classes/messages.class.php): Failed to open stream: No such file or directory in C:\xampp\htdocs\DocConnect\handlers\get_chats.php on line 11
[20-Oct-2024 07:42:03 Europe/Berlin] PHP Fatal error:  Uncaught Error: Failed opening required '../classes/messages.class.php' (include_path='C:\xampp\php\PEAR') in C:\xampp\htdocs\DocConnect\handlers\get_chats.php:11
Stack trace:
#0 {main}
  thrown in C:\xampp\htdocs\DocConnect\handlers\get_chats.php on line 11
[20-Oct-2024 07:42:04 Europe/Berlin] PHP Warning:  require_once(../classes/messages.class.php): Failed to open stream: No such file or directory in C:\xampp\htdocs\DocConnect\handlers\get_chats.php on line 11
[20-Oct-2024 07:42:04 Europe/Berlin] PHP Fatal error:  Uncaught Error: Failed opening required '../classes/messages.class.php' (include_path='C:\xampp\php\PEAR') in C:\xampp\htdocs\DocConnect\handlers\get_chats.php:11
Stack trace:
#0 {main}
  thrown in C:\xampp\htdocs\DocConnect\handlers\get_chats.php on line 11
[20-Oct-2024 07:42:04 Europe/Berlin] PHP Warning:  require_once(../classes/messages.class.php): Failed to open stream: No such file or directory in C:\xampp\htdocs\DocConnect\handlers\get_chats.php on line 11
[20-Oct-2024 07:42:04 Europe/Berlin] PHP Fatal error:  Uncaught Error: Failed opening required '../classes/messages.class.php' (include_path='C:\xampp\php\PEAR') in C:\xampp\htdocs\DocConnect\handlers\get_chats.php:11
Stack trace:
#0 {main}
  thrown in C:\xampp\htdocs\DocConnect\handlers\get_chats.php on line 11
[20-Oct-2024 07:42:05 Europe/Berlin] PHP Warning:  require_once(../classes/messages.class.php): Failed to open stream: No such file or directory in C:\xampp\htdocs\DocConnect\handlers\get_chats.php on line 11
[20-Oct-2024 07:42:05 Europe/Berlin] PHP Fatal error:  Uncaught Error: Failed opening required '../classes/messages.class.php' (include_path='C:\xampp\php\PEAR') in C:\xampp\htdocs\DocConnect\handlers\get_chats.php:11
Stack trace:
#0 {main}
  thrown in C:\xampp\htdocs\DocConnect\handlers\get_chats.php on line 11
[20-Oct-2024 07:42:05 Europe/Berlin] PHP Warning:  require_once(../classes/messages.class.php): Failed to open stream: No such file or directory in C:\xampp\htdocs\DocConnect\handlers\get_chats.php on line 11
[20-Oct-2024 07:42:05 Europe/Berlin] PHP Fatal error:  Uncaught Error: Failed opening required '../classes/messages.class.php' (include_path='C:\xampp\php\PEAR') in C:\xampp\htdocs\DocConnect\handlers\get_chats.php:11
Stack trace:
#0 {main}
  thrown in C:\xampp\htdocs\DocConnect\handlers\get_chats.php on line 11
[20-Oct-2024 07:42:05 Europe/Berlin] PHP Warning:  require_once(../classes/messages.class.php): Failed to open stream: No such file or directory in C:\xampp\htdocs\DocConnect\handlers\get_chats.php on line 11
[20-Oct-2024 07:42:05 Europe/Berlin] PHP Fatal error:  Uncaught Error: Failed opening required '../classes/messages.class.php' (include_path='C:\xampp\php\PEAR') in C:\xampp\htdocs\DocConnect\handlers\get_chats.php:11
Stack trace:
#0 {main}
  thrown in C:\xampp\htdocs\DocConnect\handlers\get_chats.php on line 11
[20-Oct-2024 07:42:05 Europe/Berlin] PHP Warning:  require_once(../classes/messages.class.php): Failed to open stream: No such file or directory in C:\xampp\htdocs\DocConnect\handlers\get_chats.php on line 11
[20-Oct-2024 07:42:05 Europe/Berlin] PHP Fatal error:  Uncaught Error: Failed opening required '../classes/messages.class.php' (include_path='C:\xampp\php\PEAR') in C:\xampp\htdocs\DocConnect\handlers\get_chats.php:11
Stack trace:
#0 {main}
  thrown in C:\xampp\htdocs\DocConnect\handlers\get_chats.php on line 11
[20-Oct-2024 07:42:05 Europe/Berlin] PHP Warning:  require_once(../classes/messages.class.php): Failed to open stream: No such file or directory in C:\xampp\htdocs\DocConnect\handlers\get_chats.php on line 11
[20-Oct-2024 07:42:05 Europe/Berlin] PHP Fatal error:  Uncaught Error: Failed opening required '../classes/messages.class.php' (include_path='C:\xampp\php\PEAR') in C:\xampp\htdocs\DocConnect\handlers\get_chats.php:11
Stack trace:
#0 {main}
  thrown in C:\xampp\htdocs\DocConnect\handlers\get_chats.php on line 11
[20-Oct-2024 07:42:06 Europe/Berlin] PHP Warning:  require_once(../classes/messages.class.php): Failed to open stream: No such file or directory in C:\xampp\htdocs\DocConnect\handlers\get_chats.php on line 11
[20-Oct-2024 07:42:06 Europe/Berlin] PHP Fatal error:  Uncaught Error: Failed opening required '../classes/messages.class.php' (include_path='C:\xampp\php\PEAR') in C:\xampp\htdocs\DocConnect\handlers\get_chats.php:11
Stack trace:
#0 {main}
  thrown in C:\xampp\htdocs\DocConnect\handlers\get_chats.php on line 11
[20-Oct-2024 07:42:06 Europe/Berlin] PHP Warning:  require_once(../classes/messages.class.php): Failed to open stream: No such file or directory in C:\xampp\htdocs\DocConnect\handlers\get_chats.php on line 11
[20-Oct-2024 07:42:06 Europe/Berlin] PHP Fatal error:  Uncaught Error: Failed opening required '../classes/messages.class.php' (include_path='C:\xampp\php\PEAR') in C:\xampp\htdocs\DocConnect\handlers\get_chats.php:11
Stack trace:
#0 {main}
  thrown in C:\xampp\htdocs\DocConnect\handlers\get_chats.php on line 11
[20-Oct-2024 07:42:06 Europe/Berlin] PHP Warning:  require_once(../classes/messages.class.php): Failed to open stream: No such file or directory in C:\xampp\htdocs\DocConnect\handlers\get_chats.php on line 11
[20-Oct-2024 07:42:06 Europe/Berlin] PHP Fatal error:  Uncaught Error: Failed opening required '../classes/messages.class.php' (include_path='C:\xampp\php\PEAR') in C:\xampp\htdocs\DocConnect\handlers\get_chats.php:11
Stack trace:
#0 {main}
  thrown in C:\xampp\htdocs\DocConnect\handlers\get_chats.php on line 11
[20-Oct-2024 07:42:06 Europe/Berlin] PHP Warning:  require_once(../classes/messages.class.php): Failed to open stream: No such file or directory in C:\xampp\htdocs\DocConnect\handlers\get_chats.php on line 11
[20-Oct-2024 07:42:06 Europe/Berlin] PHP Fatal error:  Uncaught Error: Failed opening required '../classes/messages.class.php' (include_path='C:\xampp\php\PEAR') in C:\xampp\htdocs\DocConnect\handlers\get_chats.php:11
Stack trace:
#0 {main}
  thrown in C:\xampp\htdocs\DocConnect\handlers\get_chats.php on line 11
[20-Oct-2024 07:42:07 Europe/Berlin] PHP Warning:  require_once(../classes/messages.class.php): Failed to open stream: No such file or directory in C:\xampp\htdocs\DocConnect\handlers\get_chats.php on line 11
[20-Oct-2024 07:42:07 Europe/Berlin] PHP Fatal error:  Uncaught Error: Failed opening required '../classes/messages.class.php' (include_path='C:\xampp\php\PEAR') in C:\xampp\htdocs\DocConnect\handlers\get_chats.php:11
Stack trace:
#0 {main}
  thrown in C:\xampp\htdocs\DocConnect\handlers\get_chats.php on line 11
[20-Oct-2024 07:42:07 Europe/Berlin] PHP Warning:  require_once(../classes/messages.class.php): Failed to open stream: No such file or directory in C:\xampp\htdocs\DocConnect\handlers\get_chats.php on line 11
[20-Oct-2024 07:42:07 Europe/Berlin] PHP Fatal error:  Uncaught Error: Failed opening required '../classes/messages.class.php' (include_path='C:\xampp\php\PEAR') in C:\xampp\htdocs\DocConnect\handlers\get_chats.php:11
Stack trace:
#0 {main}
  thrown in C:\xampp\htdocs\DocConnect\handlers\get_chats.php on line 11
[20-Oct-2024 07:42:07 Europe/Berlin] PHP Warning:  require_once(../classes/messages.class.php): Failed to open stream: No such file or directory in C:\xampp\htdocs\DocConnect\handlers\get_chats.php on line 11
[20-Oct-2024 07:42:07 Europe/Berlin] PHP Fatal error:  Uncaught Error: Failed opening required '../classes/messages.class.php' (include_path='C:\xampp\php\PEAR') in C:\xampp\htdocs\DocConnect\handlers\get_chats.php:11
Stack trace:
#0 {main}
  thrown in C:\xampp\htdocs\DocConnect\handlers\get_chats.php on line 11
[20-Oct-2024 07:42:07 Europe/Berlin] PHP Warning:  require_once(../classes/messages.class.php): Failed to open stream: No such file or directory in C:\xampp\htdocs\DocConnect\handlers\get_chats.php on line 11
[20-Oct-2024 07:42:07 Europe/Berlin] PHP Fatal error:  Uncaught Error: Failed opening required '../classes/messages.class.php' (include_path='C:\xampp\php\PEAR') in C:\xampp\htdocs\DocConnect\handlers\get_chats.php:11
Stack trace:
#0 {main}
  thrown in C:\xampp\htdocs\DocConnect\handlers\get_chats.php on line 11
[20-Oct-2024 07:42:07 Europe/Berlin] PHP Warning:  require_once(../classes/messages.class.php): Failed to open stream: No such file or directory in C:\xampp\htdocs\DocConnect\handlers\get_chats.php on line 11
[20-Oct-2024 07:42:07 Europe/Berlin] PHP Fatal error:  Uncaught Error: Failed opening required '../classes/messages.class.php' (include_path='C:\xampp\php\PEAR') in C:\xampp\htdocs\DocConnect\handlers\get_chats.php:11
Stack trace:
#0 {main}
  thrown in C:\xampp\htdocs\DocConnect\handlers\get_chats.php on line 11
[20-Oct-2024 07:42:08 Europe/Berlin] PHP Warning:  require_once(../classes/messages.class.php): Failed to open stream: No such file or directory in C:\xampp\htdocs\DocConnect\handlers\get_chats.php on line 11
[20-Oct-2024 07:42:08 Europe/Berlin] PHP Fatal error:  Uncaught Error: Failed opening required '../classes/messages.class.php' (include_path='C:\xampp\php\PEAR') in C:\xampp\htdocs\DocConnect\handlers\get_chats.php:11
Stack trace:
#0 {main}
  thrown in C:\xampp\htdocs\DocConnect\handlers\get_chats.php on line 11
[20-Oct-2024 07:42:08 Europe/Berlin] PHP Warning:  require_once(../classes/messages.class.php): Failed to open stream: No such file or directory in C:\xampp\htdocs\DocConnect\handlers\get_chats.php on line 11
[20-Oct-2024 07:42:08 Europe/Berlin] PHP Fatal error:  Uncaught Error: Failed opening required '../classes/messages.class.php' (include_path='C:\xampp\php\PEAR') in C:\xampp\htdocs\DocConnect\handlers\get_chats.php:11
Stack trace:
#0 {main}
  thrown in C:\xampp\htdocs\DocConnect\handlers\get_chats.php on line 11
[20-Oct-2024 07:42:08 Europe/Berlin] PHP Warning:  require_once(../classes/messages.class.php): Failed to open stream: No such file or directory in C:\xampp\htdocs\DocConnect\handlers\get_chats.php on line 11
[20-Oct-2024 07:42:08 Europe/Berlin] PHP Fatal error:  Uncaught Error: Failed opening required '../classes/messages.class.php' (include_path='C:\xampp\php\PEAR') in C:\xampp\htdocs\DocConnect\handlers\get_chats.php:11
Stack trace:
#0 {main}
  thrown in C:\xampp\htdocs\DocConnect\handlers\get_chats.php on line 11
[20-Oct-2024 07:42:08 Europe/Berlin] PHP Warning:  require_once(../classes/messages.class.php): Failed to open stream: No such file or directory in C:\xampp\htdocs\DocConnect\handlers\get_chats.php on line 11
[20-Oct-2024 07:42:08 Europe/Berlin] PHP Fatal error:  Uncaught Error: Failed opening required '../classes/messages.class.php' (include_path='C:\xampp\php\PEAR') in C:\xampp\htdocs\DocConnect\handlers\get_chats.php:11
Stack trace:
#0 {main}
  thrown in C:\xampp\htdocs\DocConnect\handlers\get_chats.php on line 11
[20-Oct-2024 07:42:11 Europe/Berlin] SQLSTATE[23000]: Integrity constraint violation: 1452 Cannot add or update a child row: a foreign key constraint fails (`docconnect_db`.`messages`, CONSTRAINT `fk_mesaccr` FOREIGN KEY (`receiver_id`) REFERENCES `account` (`account_id`))
[20-Oct-2024 07:42:13 Europe/Berlin] SQLSTATE[23000]: Integrity constraint violation: 1452 Cannot add or update a child row: a foreign key constraint fails (`docconnect_db`.`messages`, CONSTRAINT `fk_mesaccr` FOREIGN KEY (`receiver_id`) REFERENCES `account` (`account_id`))
[20-Oct-2024 07:42:55 Europe/Berlin] PHP Warning:  require_once(../classes/messages.class.php): Failed to open stream: No such file or directory in C:\xampp\htdocs\DocConnect\handlers\get_chats.php on line 11
[20-Oct-2024 07:42:55 Europe/Berlin] PHP Fatal error:  Uncaught Error: Failed opening required '../classes/messages.class.php' (include_path='C:\xampp\php\PEAR') in C:\xampp\htdocs\DocConnect\handlers\get_chats.php:11
Stack trace:
#0 {main}
  thrown in C:\xampp\htdocs\DocConnect\handlers\get_chats.php on line 11
[20-Oct-2024 07:42:56 Europe/Berlin] PHP Warning:  require_once(../classes/messages.class.php): Failed to open stream: No such file or directory in C:\xampp\htdocs\DocConnect\handlers\get_chats.php on line 11
[20-Oct-2024 07:42:56 Europe/Berlin] PHP Fatal error:  Uncaught Error: Failed opening required '../classes/messages.class.php' (include_path='C:\xampp\php\PEAR') in C:\xampp\htdocs\DocConnect\handlers\get_chats.php:11
Stack trace:
#0 {main}
  thrown in C:\xampp\htdocs\DocConnect\handlers\get_chats.php on line 11
[20-Oct-2024 07:42:56 Europe/Berlin] PHP Warning:  require_once(../classes/messages.class.php): Failed to open stream: No such file or directory in C:\xampp\htdocs\DocConnect\handlers\get_chats.php on line 11
[20-Oct-2024 07:42:56 Europe/Berlin] PHP Fatal error:  Uncaught Error: Failed opening required '../classes/messages.class.php' (include_path='C:\xampp\php\PEAR') in C:\xampp\htdocs\DocConnect\handlers\get_chats.php:11
Stack trace:
#0 {main}
  thrown in C:\xampp\htdocs\DocConnect\handlers\get_chats.php on line 11
[20-Oct-2024 07:42:57 Europe/Berlin] PHP Warning:  require_once(../classes/messages.class.php): Failed to open stream: No such file or directory in C:\xampp\htdocs\DocConnect\handlers\get_chats.php on line 11
[20-Oct-2024 07:42:57 Europe/Berlin] PHP Fatal error:  Uncaught Error: Failed opening required '../classes/messages.class.php' (include_path='C:\xampp\php\PEAR') in C:\xampp\htdocs\DocConnect\handlers\get_chats.php:11
Stack trace:
#0 {main}
  thrown in C:\xampp\htdocs\DocConnect\handlers\get_chats.php on line 11
[20-Oct-2024 07:42:58 Europe/Berlin] PHP Warning:  require_once(../classes/messages.class.php): Failed to open stream: No such file or directory in C:\xampp\htdocs\DocConnect\handlers\get_chats.php on line 11
[20-Oct-2024 07:42:58 Europe/Berlin] PHP Fatal error:  Uncaught Error: Failed opening required '../classes/messages.class.php' (include_path='C:\xampp\php\PEAR') in C:\xampp\htdocs\DocConnect\handlers\get_chats.php:11
Stack trace:
#0 {main}
  thrown in C:\xampp\htdocs\DocConnect\handlers\get_chats.php on line 11
[20-Oct-2024 07:42:58 Europe/Berlin] PHP Warning:  require_once(../classes/messages.class.php): Failed to open stream: No such file or directory in C:\xampp\htdocs\DocConnect\handlers\get_chats.php on line 11
[20-Oct-2024 07:42:58 Europe/Berlin] PHP Fatal error:  Uncaught Error: Failed opening required '../classes/messages.class.php' (include_path='C:\xampp\php\PEAR') in C:\xampp\htdocs\DocConnect\handlers\get_chats.php:11
Stack trace:
#0 {main}
  thrown in C:\xampp\htdocs\DocConnect\handlers\get_chats.php on line 11
[20-Oct-2024 07:42:58 Europe/Berlin] PHP Warning:  require_once(../classes/messages.class.php): Failed to open stream: No such file or directory in C:\xampp\htdocs\DocConnect\handlers\get_chats.php on line 11
[20-Oct-2024 07:42:58 Europe/Berlin] PHP Fatal error:  Uncaught Error: Failed opening required '../classes/messages.class.php' (include_path='C:\xampp\php\PEAR') in C:\xampp\htdocs\DocConnect\handlers\get_chats.php:11
Stack trace:
#0 {main}
  thrown in C:\xampp\htdocs\DocConnect\handlers\get_chats.php on line 11
[20-Oct-2024 07:42:58 Europe/Berlin] PHP Warning:  require_once(../classes/messages.class.php): Failed to open stream: No such file or directory in C:\xampp\htdocs\DocConnect\handlers\get_chats.php on line 11
[20-Oct-2024 07:42:58 Europe/Berlin] PHP Fatal error:  Uncaught Error: Failed opening required '../classes/messages.class.php' (include_path='C:\xampp\php\PEAR') in C:\xampp\htdocs\DocConnect\handlers\get_chats.php:11
Stack trace:
#0 {main}
  thrown in C:\xampp\htdocs\DocConnect\handlers\get_chats.php on line 11
[20-Oct-2024 07:43:20 Europe/Berlin] PHP Warning:  require_once(../classes/messages.class.php): Failed to open stream: No such file or directory in C:\xampp\htdocs\DocConnect\handlers\get_chats.php on line 11
[20-Oct-2024 07:43:20 Europe/Berlin] PHP Fatal error:  Uncaught Error: Failed opening required '../classes/messages.class.php' (include_path='C:\xampp\php\PEAR') in C:\xampp\htdocs\DocConnect\handlers\get_chats.php:11
Stack trace:
#0 {main}
  thrown in C:\xampp\htdocs\DocConnect\handlers\get_chats.php on line 11
[20-Oct-2024 07:43:21 Europe/Berlin] PHP Warning:  require_once(../classes/messages.class.php): Failed to open stream: No such file or directory in C:\xampp\htdocs\DocConnect\handlers\get_chats.php on line 11
[20-Oct-2024 07:43:21 Europe/Berlin] PHP Fatal error:  Uncaught Error: Failed opening required '../classes/messages.class.php' (include_path='C:\xampp\php\PEAR') in C:\xampp\htdocs\DocConnect\handlers\get_chats.php:11
Stack trace:
#0 {main}
  thrown in C:\xampp\htdocs\DocConnect\handlers\get_chats.php on line 11
[20-Oct-2024 07:43:22 Europe/Berlin] PHP Warning:  require_once(../classes/messages.class.php): Failed to open stream: No such file or directory in C:\xampp\htdocs\DocConnect\handlers\get_chats.php on line 11
[20-Oct-2024 07:43:22 Europe/Berlin] PHP Fatal error:  Uncaught Error: Failed opening required '../classes/messages.class.php' (include_path='C:\xampp\php\PEAR') in C:\xampp\htdocs\DocConnect\handlers\get_chats.php:11
Stack trace:
#0 {main}
  thrown in C:\xampp\htdocs\DocConnect\handlers\get_chats.php on line 11
[20-Oct-2024 07:43:23 Europe/Berlin] PHP Warning:  require_once(../classes/messages.class.php): Failed to open stream: No such file or directory in C:\xampp\htdocs\DocConnect\handlers\get_chats.php on line 11
[20-Oct-2024 07:43:23 Europe/Berlin] PHP Fatal error:  Uncaught Error: Failed opening required '../classes/messages.class.php' (include_path='C:\xampp\php\PEAR') in C:\xampp\htdocs\DocConnect\handlers\get_chats.php:11
Stack trace:
#0 {main}
  thrown in C:\xampp\htdocs\DocConnect\handlers\get_chats.php on line 11
[20-Oct-2024 07:43:24 Europe/Berlin] PHP Warning:  require_once(../classes/messages.class.php): Failed to open stream: No such file or directory in C:\xampp\htdocs\DocConnect\handlers\get_chats.php on line 11
[20-Oct-2024 07:43:24 Europe/Berlin] PHP Fatal error:  Uncaught Error: Failed opening required '../classes/messages.class.php' (include_path='C:\xampp\php\PEAR') in C:\xampp\htdocs\DocConnect\handlers\get_chats.php:11
Stack trace:
#0 {main}
  thrown in C:\xampp\htdocs\DocConnect\handlers\get_chats.php on line 11
[20-Oct-2024 07:43:25 Europe/Berlin] PHP Warning:  require_once(../classes/messages.class.php): Failed to open stream: No such file or directory in C:\xampp\htdocs\DocConnect\handlers\get_chats.php on line 11
[20-Oct-2024 07:43:25 Europe/Berlin] PHP Fatal error:  Uncaught Error: Failed opening required '../classes/messages.class.php' (include_path='C:\xampp\php\PEAR') in C:\xampp\htdocs\DocConnect\handlers\get_chats.php:11
Stack trace:
#0 {main}
  thrown in C:\xampp\htdocs\DocConnect\handlers\get_chats.php on line 11
[20-Oct-2024 07:43:25 Europe/Berlin] PHP Warning:  require_once(../classes/messages.class.php): Failed to open stream: No such file or directory in C:\xampp\htdocs\DocConnect\handlers\get_chats.php on line 11
[20-Oct-2024 07:43:25 Europe/Berlin] PHP Fatal error:  Uncaught Error: Failed opening required '../classes/messages.class.php' (include_path='C:\xampp\php\PEAR') in C:\xampp\htdocs\DocConnect\handlers\get_chats.php:11
Stack trace:
#0 {main}
  thrown in C:\xampp\htdocs\DocConnect\handlers\get_chats.php on line 11
[20-Oct-2024 07:43:25 Europe/Berlin] PHP Warning:  require_once(../classes/messages.class.php): Failed to open stream: No such file or directory in C:\xampp\htdocs\DocConnect\handlers\get_chats.php on line 11
[20-Oct-2024 07:43:25 Europe/Berlin] PHP Fatal error:  Uncaught Error: Failed opening required '../classes/messages.class.php' (include_path='C:\xampp\php\PEAR') in C:\xampp\htdocs\DocConnect\handlers\get_chats.php:11
Stack trace:
#0 {main}
  thrown in C:\xampp\htdocs\DocConnect\handlers\get_chats.php on line 11
[20-Oct-2024 07:43:25 Europe/Berlin] PHP Warning:  require_once(../classes/messages.class.php): Failed to open stream: No such file or directory in C:\xampp\htdocs\DocConnect\handlers\get_chats.php on line 11
[20-Oct-2024 07:43:25 Europe/Berlin] PHP Fatal error:  Uncaught Error: Failed opening required '../classes/messages.class.php' (include_path='C:\xampp\php\PEAR') in C:\xampp\htdocs\DocConnect\handlers\get_chats.php:11
Stack trace:
#0 {main}
  thrown in C:\xampp\htdocs\DocConnect\handlers\get_chats.php on line 11
[20-Oct-2024 07:43:27 Europe/Berlin] PHP Warning:  require_once(../classes/messages.class.php): Failed to open stream: No such file or directory in C:\xampp\htdocs\DocConnect\handlers\get_chats.php on line 11
[20-Oct-2024 07:43:27 Europe/Berlin] PHP Fatal error:  Uncaught Error: Failed opening required '../classes/messages.class.php' (include_path='C:\xampp\php\PEAR') in C:\xampp\htdocs\DocConnect\handlers\get_chats.php:11
Stack trace:
#0 {main}
  thrown in C:\xampp\htdocs\DocConnect\handlers\get_chats.php on line 11
[20-Oct-2024 07:43:27 Europe/Berlin] PHP Warning:  require_once(../classes/messages.class.php): Failed to open stream: No such file or directory in C:\xampp\htdocs\DocConnect\handlers\get_chats.php on line 11
[20-Oct-2024 07:43:27 Europe/Berlin] PHP Fatal error:  Uncaught Error: Failed opening required '../classes/messages.class.php' (include_path='C:\xampp\php\PEAR') in C:\xampp\htdocs\DocConnect\handlers\get_chats.php:11
Stack trace:
#0 {main}
  thrown in C:\xampp\htdocs\DocConnect\handlers\get_chats.php on line 11
[20-Oct-2024 07:43:28 Europe/Berlin] PHP Warning:  require_once(../classes/messages.class.php): Failed to open stream: No such file or directory in C:\xampp\htdocs\DocConnect\handlers\get_chats.php on line 11
[20-Oct-2024 07:43:28 Europe/Berlin] PHP Fatal error:  Uncaught Error: Failed opening required '../classes/messages.class.php' (include_path='C:\xampp\php\PEAR') in C:\xampp\htdocs\DocConnect\handlers\get_chats.php:11
Stack trace:
#0 {main}
  thrown in C:\xampp\htdocs\DocConnect\handlers\get_chats.php on line 11
[20-Oct-2024 07:43:28 Europe/Berlin] PHP Warning:  require_once(../classes/messages.class.php): Failed to open stream: No such file or directory in C:\xampp\htdocs\DocConnect\handlers\get_chats.php on line 11
[20-Oct-2024 07:43:28 Europe/Berlin] PHP Fatal error:  Uncaught Error: Failed opening required '../classes/messages.class.php' (include_path='C:\xampp\php\PEAR') in C:\xampp\htdocs\DocConnect\handlers\get_chats.php:11
Stack trace:
#0 {main}
  thrown in C:\xampp\htdocs\DocConnect\handlers\get_chats.php on line 11
[20-Oct-2024 07:43:28 Europe/Berlin] PHP Warning:  require_once(../classes/messages.class.php): Failed to open stream: No such file or directory in C:\xampp\htdocs\DocConnect\handlers\get_chats.php on line 11
[20-Oct-2024 07:43:28 Europe/Berlin] PHP Fatal error:  Uncaught Error: Failed opening required '../classes/messages.class.php' (include_path='C:\xampp\php\PEAR') in C:\xampp\htdocs\DocConnect\handlers\get_chats.php:11
Stack trace:
#0 {main}
  thrown in C:\xampp\htdocs\DocConnect\handlers\get_chats.php on line 11
[20-Oct-2024 07:46:53 Europe/Berlin] PHP Warning:  require_once(../classes/messages.class.php): Failed to open stream: No such file or directory in C:\xampp\htdocs\DocConnect\handlers\get_chats.php on line 11
[20-Oct-2024 07:46:53 Europe/Berlin] PHP Fatal error:  Uncaught Error: Failed opening required '../classes/messages.class.php' (include_path='C:\xampp\php\PEAR') in C:\xampp\htdocs\DocConnect\handlers\get_chats.php:11
Stack trace:
#0 {main}
  thrown in C:\xampp\htdocs\DocConnect\handlers\get_chats.php on line 11
[20-Oct-2024 07:46:54 Europe/Berlin] PHP Warning:  require_once(../classes/messages.class.php): Failed to open stream: No such file or directory in C:\xampp\htdocs\DocConnect\handlers\get_chats.php on line 11
[20-Oct-2024 07:46:54 Europe/Berlin] PHP Fatal error:  Uncaught Error: Failed opening required '../classes/messages.class.php' (include_path='C:\xampp\php\PEAR') in C:\xampp\htdocs\DocConnect\handlers\get_chats.php:11
Stack trace:
#0 {main}
  thrown in C:\xampp\htdocs\DocConnect\handlers\get_chats.php on line 11
[20-Oct-2024 07:46:55 Europe/Berlin] PHP Warning:  require_once(../classes/messages.class.php): Failed to open stream: No such file or directory in C:\xampp\htdocs\DocConnect\handlers\get_chats.php on line 11
[20-Oct-2024 07:46:55 Europe/Berlin] PHP Fatal error:  Uncaught Error: Failed opening required '../classes/messages.class.php' (include_path='C:\xampp\php\PEAR') in C:\xampp\htdocs\DocConnect\handlers\get_chats.php:11
Stack trace:
#0 {main}
  thrown in C:\xampp\htdocs\DocConnect\handlers\get_chats.php on line 11
[20-Oct-2024 07:47:34 Europe/Berlin] PHP Warning:  require_once(../classes/messages.class.php): Failed to open stream: No such file or directory in C:\xampp\htdocs\DocConnect\handlers\get_chats.php on line 11
[20-Oct-2024 07:47:34 Europe/Berlin] PHP Fatal error:  Uncaught Error: Failed opening required '../classes/messages.class.php' (include_path='C:\xampp\php\PEAR') in C:\xampp\htdocs\DocConnect\handlers\get_chats.php:11
Stack trace:
#0 {main}
  thrown in C:\xampp\htdocs\DocConnect\handlers\get_chats.php on line 11
[20-Oct-2024 07:47:35 Europe/Berlin] PHP Warning:  require_once(../classes/messages.class.php): Failed to open stream: No such file or directory in C:\xampp\htdocs\DocConnect\handlers\get_chats.php on line 11
[20-Oct-2024 07:47:35 Europe/Berlin] PHP Fatal error:  Uncaught Error: Failed opening required '../classes/messages.class.php' (include_path='C:\xampp\php\PEAR') in C:\xampp\htdocs\DocConnect\handlers\get_chats.php:11
Stack trace:
#0 {main}
  thrown in C:\xampp\htdocs\DocConnect\handlers\get_chats.php on line 11
[20-Oct-2024 07:47:36 Europe/Berlin] PHP Warning:  require_once(../classes/messages.class.php): Failed to open stream: No such file or directory in C:\xampp\htdocs\DocConnect\handlers\get_chats.php on line 11
[20-Oct-2024 07:47:36 Europe/Berlin] PHP Fatal error:  Uncaught Error: Failed opening required '../classes/messages.class.php' (include_path='C:\xampp\php\PEAR') in C:\xampp\htdocs\DocConnect\handlers\get_chats.php:11
Stack trace:
#0 {main}
  thrown in C:\xampp\htdocs\DocConnect\handlers\get_chats.php on line 11
[20-Oct-2024 07:47:37 Europe/Berlin] PHP Warning:  require_once(../classes/messages.class.php): Failed to open stream: No such file or directory in C:\xampp\htdocs\DocConnect\handlers\get_chats.php on line 11
[20-Oct-2024 07:47:37 Europe/Berlin] PHP Fatal error:  Uncaught Error: Failed opening required '../classes/messages.class.php' (include_path='C:\xampp\php\PEAR') in C:\xampp\htdocs\DocConnect\handlers\get_chats.php:11
Stack trace:
#0 {main}
  thrown in C:\xampp\htdocs\DocConnect\handlers\get_chats.php on line 11
[20-Oct-2024 07:47:38 Europe/Berlin] PHP Warning:  require_once(../classes/messages.class.php): Failed to open stream: No such file or directory in C:\xampp\htdocs\DocConnect\handlers\get_chats.php on line 11
[20-Oct-2024 07:47:38 Europe/Berlin] PHP Fatal error:  Uncaught Error: Failed opening required '../classes/messages.class.php' (include_path='C:\xampp\php\PEAR') in C:\xampp\htdocs\DocConnect\handlers\get_chats.php:11
Stack trace:
#0 {main}
  thrown in C:\xampp\htdocs\DocConnect\handlers\get_chats.php on line 11
[20-Oct-2024 07:47:38 Europe/Berlin] PHP Warning:  require_once(../classes/messages.class.php): Failed to open stream: No such file or directory in C:\xampp\htdocs\DocConnect\handlers\get_chats.php on line 11
[20-Oct-2024 07:47:38 Europe/Berlin] PHP Fatal error:  Uncaught Error: Failed opening required '../classes/messages.class.php' (include_path='C:\xampp\php\PEAR') in C:\xampp\htdocs\DocConnect\handlers\get_chats.php:11
Stack trace:
#0 {main}
  thrown in C:\xampp\htdocs\DocConnect\handlers\get_chats.php on line 11
[20-Oct-2024 07:47:38 Europe/Berlin] PHP Warning:  require_once(../classes/messages.class.php): Failed to open stream: No such file or directory in C:\xampp\htdocs\DocConnect\handlers\get_chats.php on line 11
[20-Oct-2024 07:47:38 Europe/Berlin] PHP Fatal error:  Uncaught Error: Failed opening required '../classes/messages.class.php' (include_path='C:\xampp\php\PEAR') in C:\xampp\htdocs\DocConnect\handlers\get_chats.php:11
Stack trace:
#0 {main}
  thrown in C:\xampp\htdocs\DocConnect\handlers\get_chats.php on line 11
[20-Oct-2024 07:47:39 Europe/Berlin] PHP Warning:  require_once(../classes/messages.class.php): Failed to open stream: No such file or directory in C:\xampp\htdocs\DocConnect\handlers\get_chats.php on line 11
[20-Oct-2024 07:47:39 Europe/Berlin] PHP Fatal error:  Uncaught Error: Failed opening required '../classes/messages.class.php' (include_path='C:\xampp\php\PEAR') in C:\xampp\htdocs\DocConnect\handlers\get_chats.php:11
Stack trace:
#0 {main}
  thrown in C:\xampp\htdocs\DocConnect\handlers\get_chats.php on line 11
[20-Oct-2024 07:47:39 Europe/Berlin] PHP Warning:  require_once(../classes/messages.class.php): Failed to open stream: No such file or directory in C:\xampp\htdocs\DocConnect\handlers\get_chats.php on line 11
[20-Oct-2024 07:47:39 Europe/Berlin] PHP Fatal error:  Uncaught Error: Failed opening required '../classes/messages.class.php' (include_path='C:\xampp\php\PEAR') in C:\xampp\htdocs\DocConnect\handlers\get_chats.php:11
Stack trace:
#0 {main}
  thrown in C:\xampp\htdocs\DocConnect\handlers\get_chats.php on line 11
[20-Oct-2024 07:47:39 Europe/Berlin] PHP Warning:  require_once(../classes/messages.class.php): Failed to open stream: No such file or directory in C:\xampp\htdocs\DocConnect\handlers\get_chats.php on line 11
[20-Oct-2024 07:47:39 Europe/Berlin] PHP Fatal error:  Uncaught Error: Failed opening required '../classes/messages.class.php' (include_path='C:\xampp\php\PEAR') in C:\xampp\htdocs\DocConnect\handlers\get_chats.php:11
Stack trace:
#0 {main}
  thrown in C:\xampp\htdocs\DocConnect\handlers\get_chats.php on line 11
[20-Oct-2024 07:47:39 Europe/Berlin] PHP Warning:  require_once(../classes/messages.class.php): Failed to open stream: No such file or directory in C:\xampp\htdocs\DocConnect\handlers\get_chats.php on line 11
[20-Oct-2024 07:47:39 Europe/Berlin] PHP Fatal error:  Uncaught Error: Failed opening required '../classes/messages.class.php' (include_path='C:\xampp\php\PEAR') in C:\xampp\htdocs\DocConnect\handlers\get_chats.php:11
Stack trace:
#0 {main}
  thrown in C:\xampp\htdocs\DocConnect\handlers\get_chats.php on line 11
[20-Oct-2024 07:47:40 Europe/Berlin] PHP Warning:  require_once(../classes/messages.class.php): Failed to open stream: No such file or directory in C:\xampp\htdocs\DocConnect\handlers\get_chats.php on line 11
[20-Oct-2024 07:47:40 Europe/Berlin] PHP Fatal error:  Uncaught Error: Failed opening required '../classes/messages.class.php' (include_path='C:\xampp\php\PEAR') in C:\xampp\htdocs\DocConnect\handlers\get_chats.php:11
Stack trace:
#0 {main}
  thrown in C:\xampp\htdocs\DocConnect\handlers\get_chats.php on line 11
[20-Oct-2024 07:47:40 Europe/Berlin] PHP Warning:  require_once(../classes/messages.class.php): Failed to open stream: No such file or directory in C:\xampp\htdocs\DocConnect\handlers\get_chats.php on line 11
[20-Oct-2024 07:47:40 Europe/Berlin] PHP Fatal error:  Uncaught Error: Failed opening required '../classes/messages.class.php' (include_path='C:\xampp\php\PEAR') in C:\xampp\htdocs\DocConnect\handlers\get_chats.php:11
Stack trace:
#0 {main}
  thrown in C:\xampp\htdocs\DocConnect\handlers\get_chats.php on line 11
[20-Oct-2024 07:47:40 Europe/Berlin] PHP Warning:  require_once(../classes/messages.class.php): Failed to open stream: No such file or directory in C:\xampp\htdocs\DocConnect\handlers\get_chats.php on line 11
[20-Oct-2024 07:47:40 Europe/Berlin] PHP Fatal error:  Uncaught Error: Failed opening required '../classes/messages.class.php' (include_path='C:\xampp\php\PEAR') in C:\xampp\htdocs\DocConnect\handlers\get_chats.php:11
Stack trace:
#0 {main}
  thrown in C:\xampp\htdocs\DocConnect\handlers\get_chats.php on line 11
[20-Oct-2024 07:47:40 Europe/Berlin] PHP Warning:  require_once(../classes/messages.class.php): Failed to open stream: No such file or directory in C:\xampp\htdocs\DocConnect\handlers\get_chats.php on line 11
[20-Oct-2024 07:47:40 Europe/Berlin] PHP Fatal error:  Uncaught Error: Failed opening required '../classes/messages.class.php' (include_path='C:\xampp\php\PEAR') in C:\xampp\htdocs\DocConnect\handlers\get_chats.php:11
Stack trace:
#0 {main}
  thrown in C:\xampp\htdocs\DocConnect\handlers\get_chats.php on line 11
[20-Oct-2024 07:47:41 Europe/Berlin] PHP Warning:  require_once(../classes/messages.class.php): Failed to open stream: No such file or directory in C:\xampp\htdocs\DocConnect\handlers\get_chats.php on line 11
[20-Oct-2024 07:47:41 Europe/Berlin] PHP Fatal error:  Uncaught Error: Failed opening required '../classes/messages.class.php' (include_path='C:\xampp\php\PEAR') in C:\xampp\htdocs\DocConnect\handlers\get_chats.php:11
Stack trace:
#0 {main}
  thrown in C:\xampp\htdocs\DocConnect\handlers\get_chats.php on line 11
[20-Oct-2024 07:47:41 Europe/Berlin] PHP Warning:  require_once(../classes/messages.class.php): Failed to open stream: No such file or directory in C:\xampp\htdocs\DocConnect\handlers\get_chats.php on line 11
[20-Oct-2024 07:47:41 Europe/Berlin] PHP Fatal error:  Uncaught Error: Failed opening required '../classes/messages.class.php' (include_path='C:\xampp\php\PEAR') in C:\xampp\htdocs\DocConnect\handlers\get_chats.php:11
Stack trace:
#0 {main}
  thrown in C:\xampp\htdocs\DocConnect\handlers\get_chats.php on line 11
[20-Oct-2024 07:48:46 Europe/Berlin] PHP Warning:  require_once(../classes/messages.class.php): Failed to open stream: No such file or directory in C:\xampp\htdocs\DocConnect\handlers\get_chats.php on line 11
[20-Oct-2024 07:48:46 Europe/Berlin] PHP Fatal error:  Uncaught Error: Failed opening required '../classes/messages.class.php' (include_path='C:\xampp\php\PEAR') in C:\xampp\htdocs\DocConnect\handlers\get_chats.php:11
Stack trace:
#0 {main}
  thrown in C:\xampp\htdocs\DocConnect\handlers\get_chats.php on line 11
[20-Oct-2024 07:48:47 Europe/Berlin] PHP Warning:  require_once(../classes/messages.class.php): Failed to open stream: No such file or directory in C:\xampp\htdocs\DocConnect\handlers\get_chats.php on line 11
[20-Oct-2024 07:48:47 Europe/Berlin] PHP Fatal error:  Uncaught Error: Failed opening required '../classes/messages.class.php' (include_path='C:\xampp\php\PEAR') in C:\xampp\htdocs\DocConnect\handlers\get_chats.php:11
Stack trace:
#0 {main}
  thrown in C:\xampp\htdocs\DocConnect\handlers\get_chats.php on line 11
[20-Oct-2024 07:48:48 Europe/Berlin] PHP Warning:  require_once(../classes/messages.class.php): Failed to open stream: No such file or directory in C:\xampp\htdocs\DocConnect\handlers\get_chats.php on line 11
[20-Oct-2024 07:48:48 Europe/Berlin] PHP Fatal error:  Uncaught Error: Failed opening required '../classes/messages.class.php' (include_path='C:\xampp\php\PEAR') in C:\xampp\htdocs\DocConnect\handlers\get_chats.php:11
Stack trace:
#0 {main}
  thrown in C:\xampp\htdocs\DocConnect\handlers\get_chats.php on line 11
[20-Oct-2024 07:49:23 Europe/Berlin] PHP Warning:  require_once(../classes/messages.class.php): Failed to open stream: No such file or directory in C:\xampp\htdocs\DocConnect\handlers\get_chats.php on line 11
[20-Oct-2024 07:49:23 Europe/Berlin] PHP Fatal error:  Uncaught Error: Failed opening required '../classes/messages.class.php' (include_path='C:\xampp\php\PEAR') in C:\xampp\htdocs\DocConnect\handlers\get_chats.php:11
Stack trace:
#0 {main}
  thrown in C:\xampp\htdocs\DocConnect\handlers\get_chats.php on line 11
[20-Oct-2024 07:49:24 Europe/Berlin] PHP Warning:  require_once(../classes/messages.class.php): Failed to open stream: No such file or directory in C:\xampp\htdocs\DocConnect\handlers\get_chats.php on line 11
[20-Oct-2024 07:49:24 Europe/Berlin] PHP Fatal error:  Uncaught Error: Failed opening required '../classes/messages.class.php' (include_path='C:\xampp\php\PEAR') in C:\xampp\htdocs\DocConnect\handlers\get_chats.php:11
Stack trace:
#0 {main}
  thrown in C:\xampp\htdocs\DocConnect\handlers\get_chats.php on line 11
[20-Oct-2024 07:49:24 Europe/Berlin] PHP Warning:  require_once(../classes/messages.class.php): Failed to open stream: No such file or directory in C:\xampp\htdocs\DocConnect\handlers\get_chats.php on line 11
[20-Oct-2024 07:49:24 Europe/Berlin] PHP Fatal error:  Uncaught Error: Failed opening required '../classes/messages.class.php' (include_path='C:\xampp\php\PEAR') in C:\xampp\htdocs\DocConnect\handlers\get_chats.php:11
Stack trace:
#0 {main}
  thrown in C:\xampp\htdocs\DocConnect\handlers\get_chats.php on line 11
[20-Oct-2024 07:49:24 Europe/Berlin] PHP Warning:  require_once(../classes/messages.class.php): Failed to open stream: No such file or directory in C:\xampp\htdocs\DocConnect\handlers\get_chats.php on line 11
[20-Oct-2024 07:49:24 Europe/Berlin] PHP Fatal error:  Uncaught Error: Failed opening required '../classes/messages.class.php' (include_path='C:\xampp\php\PEAR') in C:\xampp\htdocs\DocConnect\handlers\get_chats.php:11
Stack trace:
#0 {main}
  thrown in C:\xampp\htdocs\DocConnect\handlers\get_chats.php on line 11
[20-Oct-2024 07:49:24 Europe/Berlin] PHP Warning:  require_once(../classes/messages.class.php): Failed to open stream: No such file or directory in C:\xampp\htdocs\DocConnect\handlers\get_chats.php on line 11
[20-Oct-2024 07:49:24 Europe/Berlin] PHP Fatal error:  Uncaught Error: Failed opening required '../classes/messages.class.php' (include_path='C:\xampp\php\PEAR') in C:\xampp\htdocs\DocConnect\handlers\get_chats.php:11
Stack trace:
#0 {main}
  thrown in C:\xampp\htdocs\DocConnect\handlers\get_chats.php on line 11
[20-Oct-2024 07:51:25 Europe/Berlin] PHP Warning:  require_once(../classes/messages.class.php): Failed to open stream: No such file or directory in C:\xampp\htdocs\DocConnect\handlers\get_chats.php on line 11
[20-Oct-2024 07:51:25 Europe/Berlin] PHP Fatal error:  Uncaught Error: Failed opening required '../classes/messages.class.php' (include_path='C:\xampp\php\PEAR') in C:\xampp\htdocs\DocConnect\handlers\get_chats.php:11
Stack trace:
#0 {main}
  thrown in C:\xampp\htdocs\DocConnect\handlers\get_chats.php on line 11
[20-Oct-2024 07:51:26 Europe/Berlin] PHP Warning:  require_once(../classes/messages.class.php): Failed to open stream: No such file or directory in C:\xampp\htdocs\DocConnect\handlers\get_chats.php on line 11
[20-Oct-2024 07:51:26 Europe/Berlin] PHP Fatal error:  Uncaught Error: Failed opening required '../classes/messages.class.php' (include_path='C:\xampp\php\PEAR') in C:\xampp\htdocs\DocConnect\handlers\get_chats.php:11
Stack trace:
#0 {main}
  thrown in C:\xampp\htdocs\DocConnect\handlers\get_chats.php on line 11
[20-Oct-2024 07:51:27 Europe/Berlin] PHP Warning:  require_once(../classes/messages.class.php): Failed to open stream: No such file or directory in C:\xampp\htdocs\DocConnect\handlers\get_chats.php on line 11
[20-Oct-2024 07:51:27 Europe/Berlin] PHP Fatal error:  Uncaught Error: Failed opening required '../classes/messages.class.php' (include_path='C:\xampp\php\PEAR') in C:\xampp\htdocs\DocConnect\handlers\get_chats.php:11
Stack trace:
#0 {main}
  thrown in C:\xampp\htdocs\DocConnect\handlers\get_chats.php on line 11
[20-Oct-2024 07:51:28 Europe/Berlin] PHP Warning:  require_once(../classes/messages.class.php): Failed to open stream: No such file or directory in C:\xampp\htdocs\DocConnect\handlers\get_chats.php on line 11
[20-Oct-2024 07:51:28 Europe/Berlin] PHP Fatal error:  Uncaught Error: Failed opening required '../classes/messages.class.php' (include_path='C:\xampp\php\PEAR') in C:\xampp\htdocs\DocConnect\handlers\get_chats.php:11
Stack trace:
#0 {main}
  thrown in C:\xampp\htdocs\DocConnect\handlers\get_chats.php on line 11
[20-Oct-2024 07:51:28 Europe/Berlin] PHP Warning:  require_once(../classes/messages.class.php): Failed to open stream: No such file or directory in C:\xampp\htdocs\DocConnect\handlers\get_chats.php on line 11
[20-Oct-2024 07:51:28 Europe/Berlin] PHP Fatal error:  Uncaught Error: Failed opening required '../classes/messages.class.php' (include_path='C:\xampp\php\PEAR') in C:\xampp\htdocs\DocConnect\handlers\get_chats.php:11
Stack trace:
#0 {main}
  thrown in C:\xampp\htdocs\DocConnect\handlers\get_chats.php on line 11
[20-Oct-2024 07:51:28 Europe/Berlin] PHP Warning:  require_once(../classes/messages.class.php): Failed to open stream: No such file or directory in C:\xampp\htdocs\DocConnect\handlers\get_chats.php on line 11
[20-Oct-2024 07:51:28 Europe/Berlin] PHP Fatal error:  Uncaught Error: Failed opening required '../classes/messages.class.php' (include_path='C:\xampp\php\PEAR') in C:\xampp\htdocs\DocConnect\handlers\get_chats.php:11
Stack trace:
#0 {main}
  thrown in C:\xampp\htdocs\DocConnect\handlers\get_chats.php on line 11
[20-Oct-2024 07:51:28 Europe/Berlin] PHP Warning:  require_once(../classes/messages.class.php): Failed to open stream: No such file or directory in C:\xampp\htdocs\DocConnect\handlers\get_chats.php on line 11
[20-Oct-2024 07:51:28 Europe/Berlin] PHP Fatal error:  Uncaught Error: Failed opening required '../classes/messages.class.php' (include_path='C:\xampp\php\PEAR') in C:\xampp\htdocs\DocConnect\handlers\get_chats.php:11
Stack trace:
#0 {main}
  thrown in C:\xampp\htdocs\DocConnect\handlers\get_chats.php on line 11
[20-Oct-2024 07:51:28 Europe/Berlin] PHP Warning:  require_once(../classes/messages.class.php): Failed to open stream: No such file or directory in C:\xampp\htdocs\DocConnect\handlers\get_chats.php on line 11
[20-Oct-2024 07:51:28 Europe/Berlin] PHP Fatal error:  Uncaught Error: Failed opening required '../classes/messages.class.php' (include_path='C:\xampp\php\PEAR') in C:\xampp\htdocs\DocConnect\handlers\get_chats.php:11
Stack trace:
#0 {main}
  thrown in C:\xampp\htdocs\DocConnect\handlers\get_chats.php on line 11
[20-Oct-2024 07:51:28 Europe/Berlin] PHP Warning:  require_once(../classes/messages.class.php): Failed to open stream: No such file or directory in C:\xampp\htdocs\DocConnect\handlers\get_chats.php on line 11
[20-Oct-2024 07:51:28 Europe/Berlin] PHP Fatal error:  Uncaught Error: Failed opening required '../classes/messages.class.php' (include_path='C:\xampp\php\PEAR') in C:\xampp\htdocs\DocConnect\handlers\get_chats.php:11
Stack trace:
#0 {main}
  thrown in C:\xampp\htdocs\DocConnect\handlers\get_chats.php on line 11
[20-Oct-2024 07:51:28 Europe/Berlin] PHP Warning:  require_once(../classes/messages.class.php): Failed to open stream: No such file or directory in C:\xampp\htdocs\DocConnect\handlers\get_chats.php on line 11
[20-Oct-2024 07:51:28 Europe/Berlin] PHP Fatal error:  Uncaught Error: Failed opening required '../classes/messages.class.php' (include_path='C:\xampp\php\PEAR') in C:\xampp\htdocs\DocConnect\handlers\get_chats.php:11
Stack trace:
#0 {main}
  thrown in C:\xampp\htdocs\DocConnect\handlers\get_chats.php on line 11
[20-Oct-2024 07:51:29 Europe/Berlin] PHP Warning:  require_once(../classes/messages.class.php): Failed to open stream: No such file or directory in C:\xampp\htdocs\DocConnect\handlers\get_chats.php on line 11
[20-Oct-2024 07:51:29 Europe/Berlin] PHP Fatal error:  Uncaught Error: Failed opening required '../classes/messages.class.php' (include_path='C:\xampp\php\PEAR') in C:\xampp\htdocs\DocConnect\handlers\get_chats.php:11
Stack trace:
#0 {main}
  thrown in C:\xampp\htdocs\DocConnect\handlers\get_chats.php on line 11
[20-Oct-2024 07:51:30 Europe/Berlin] PHP Warning:  require_once(../classes/messages.class.php): Failed to open stream: No such file or directory in C:\xampp\htdocs\DocConnect\handlers\get_chats.php on line 11
[20-Oct-2024 07:51:30 Europe/Berlin] PHP Fatal error:  Uncaught Error: Failed opening required '../classes/messages.class.php' (include_path='C:\xampp\php\PEAR') in C:\xampp\htdocs\DocConnect\handlers\get_chats.php:11
Stack trace:
#0 {main}
  thrown in C:\xampp\htdocs\DocConnect\handlers\get_chats.php on line 11
[20-Oct-2024 07:51:30 Europe/Berlin] PHP Warning:  require_once(../classes/messages.class.php): Failed to open stream: No such file or directory in C:\xampp\htdocs\DocConnect\handlers\get_chats.php on line 11
[20-Oct-2024 07:51:30 Europe/Berlin] PHP Fatal error:  Uncaught Error: Failed opening required '../classes/messages.class.php' (include_path='C:\xampp\php\PEAR') in C:\xampp\htdocs\DocConnect\handlers\get_chats.php:11
Stack trace:
#0 {main}
  thrown in C:\xampp\htdocs\DocConnect\handlers\get_chats.php on line 11
[20-Oct-2024 07:51:30 Europe/Berlin] PHP Warning:  require_once(../classes/messages.class.php): Failed to open stream: No such file or directory in C:\xampp\htdocs\DocConnect\handlers\get_chats.php on line 11
[20-Oct-2024 07:51:30 Europe/Berlin] PHP Fatal error:  Uncaught Error: Failed opening required '../classes/messages.class.php' (include_path='C:\xampp\php\PEAR') in C:\xampp\htdocs\DocConnect\handlers\get_chats.php:11
Stack trace:
#0 {main}
  thrown in C:\xampp\htdocs\DocConnect\handlers\get_chats.php on line 11
[20-Oct-2024 07:51:30 Europe/Berlin] PHP Warning:  require_once(../classes/messages.class.php): Failed to open stream: No such file or directory in C:\xampp\htdocs\DocConnect\handlers\get_chats.php on line 11
[20-Oct-2024 07:51:30 Europe/Berlin] PHP Fatal error:  Uncaught Error: Failed opening required '../classes/messages.class.php' (include_path='C:\xampp\php\PEAR') in C:\xampp\htdocs\DocConnect\handlers\get_chats.php:11
Stack trace:
#0 {main}
  thrown in C:\xampp\htdocs\DocConnect\handlers\get_chats.php on line 11
[20-Oct-2024 07:51:30 Europe/Berlin] PHP Warning:  require_once(../classes/messages.class.php): Failed to open stream: No such file or directory in C:\xampp\htdocs\DocConnect\handlers\get_chats.php on line 11
[20-Oct-2024 07:51:30 Europe/Berlin] PHP Fatal error:  Uncaught Error: Failed opening required '../classes/messages.class.php' (include_path='C:\xampp\php\PEAR') in C:\xampp\htdocs\DocConnect\handlers\get_chats.php:11
Stack trace:
#0 {main}
  thrown in C:\xampp\htdocs\DocConnect\handlers\get_chats.php on line 11
[20-Oct-2024 07:51:30 Europe/Berlin] PHP Warning:  require_once(../classes/messages.class.php): Failed to open stream: No such file or directory in C:\xampp\htdocs\DocConnect\handlers\get_chats.php on line 11
[20-Oct-2024 07:51:30 Europe/Berlin] PHP Fatal error:  Uncaught Error: Failed opening required '../classes/messages.class.php' (include_path='C:\xampp\php\PEAR') in C:\xampp\htdocs\DocConnect\handlers\get_chats.php:11
Stack trace:
#0 {main}
  thrown in C:\xampp\htdocs\DocConnect\handlers\get_chats.php on line 11
[20-Oct-2024 07:51:30 Europe/Berlin] PHP Warning:  require_once(../classes/messages.class.php): Failed to open stream: No such file or directory in C:\xampp\htdocs\DocConnect\handlers\get_chats.php on line 11
[20-Oct-2024 07:51:30 Europe/Berlin] PHP Fatal error:  Uncaught Error: Failed opening required '../classes/messages.class.php' (include_path='C:\xampp\php\PEAR') in C:\xampp\htdocs\DocConnect\handlers\get_chats.php:11
Stack trace:
#0 {main}
  thrown in C:\xampp\htdocs\DocConnect\handlers\get_chats.php on line 11
[20-Oct-2024 07:51:31 Europe/Berlin] PHP Warning:  require_once(../classes/messages.class.php): Failed to open stream: No such file or directory in C:\xampp\htdocs\DocConnect\handlers\get_chats.php on line 11
[20-Oct-2024 07:51:31 Europe/Berlin] PHP Fatal error:  Uncaught Error: Failed opening required '../classes/messages.class.php' (include_path='C:\xampp\php\PEAR') in C:\xampp\htdocs\DocConnect\handlers\get_chats.php:11
Stack trace:
#0 {main}
  thrown in C:\xampp\htdocs\DocConnect\handlers\get_chats.php on line 11
[20-Oct-2024 07:51:31 Europe/Berlin] PHP Warning:  require_once(../classes/messages.class.php): Failed to open stream: No such file or directory in C:\xampp\htdocs\DocConnect\handlers\get_chats.php on line 11
[20-Oct-2024 07:51:31 Europe/Berlin] PHP Fatal error:  Uncaught Error: Failed opening required '../classes/messages.class.php' (include_path='C:\xampp\php\PEAR') in C:\xampp\htdocs\DocConnect\handlers\get_chats.php:11
Stack trace:
#0 {main}
  thrown in C:\xampp\htdocs\DocConnect\handlers\get_chats.php on line 11
[20-Oct-2024 07:51:31 Europe/Berlin] PHP Warning:  require_once(../classes/messages.class.php): Failed to open stream: No such file or directory in C:\xampp\htdocs\DocConnect\handlers\get_chats.php on line 11
[20-Oct-2024 07:51:31 Europe/Berlin] PHP Fatal error:  Uncaught Error: Failed opening required '../classes/messages.class.php' (include_path='C:\xampp\php\PEAR') in C:\xampp\htdocs\DocConnect\handlers\get_chats.php:11
Stack trace:
#0 {main}
  thrown in C:\xampp\htdocs\DocConnect\handlers\get_chats.php on line 11
[20-Oct-2024 07:51:31 Europe/Berlin] PHP Warning:  require_once(../classes/messages.class.php): Failed to open stream: No such file or directory in C:\xampp\htdocs\DocConnect\handlers\get_chats.php on line 11
[20-Oct-2024 07:51:31 Europe/Berlin] PHP Fatal error:  Uncaught Error: Failed opening required '../classes/messages.class.php' (include_path='C:\xampp\php\PEAR') in C:\xampp\htdocs\DocConnect\handlers\get_chats.php:11
Stack trace:
#0 {main}
  thrown in C:\xampp\htdocs\DocConnect\handlers\get_chats.php on line 11
[20-Oct-2024 07:51:31 Europe/Berlin] PHP Warning:  require_once(../classes/messages.class.php): Failed to open stream: No such file or directory in C:\xampp\htdocs\DocConnect\handlers\get_chats.php on line 11
[20-Oct-2024 07:51:31 Europe/Berlin] PHP Fatal error:  Uncaught Error: Failed opening required '../classes/messages.class.php' (include_path='C:\xampp\php\PEAR') in C:\xampp\htdocs\DocConnect\handlers\get_chats.php:11
Stack trace:
#0 {main}
  thrown in C:\xampp\htdocs\DocConnect\handlers\get_chats.php on line 11
[20-Oct-2024 07:51:31 Europe/Berlin] PHP Warning:  require_once(../classes/messages.class.php): Failed to open stream: No such file or directory in C:\xampp\htdocs\DocConnect\handlers\get_chats.php on line 11
[20-Oct-2024 07:51:31 Europe/Berlin] PHP Fatal error:  Uncaught Error: Failed opening required '../classes/messages.class.php' (include_path='C:\xampp\php\PEAR') in C:\xampp\htdocs\DocConnect\handlers\get_chats.php:11
Stack trace:
#0 {main}
  thrown in C:\xampp\htdocs\DocConnect\handlers\get_chats.php on line 11
[20-Oct-2024 07:51:32 Europe/Berlin] PHP Warning:  require_once(../classes/messages.class.php): Failed to open stream: No such file or directory in C:\xampp\htdocs\DocConnect\handlers\get_chats.php on line 11
[20-Oct-2024 07:51:32 Europe/Berlin] PHP Fatal error:  Uncaught Error: Failed opening required '../classes/messages.class.php' (include_path='C:\xampp\php\PEAR') in C:\xampp\htdocs\DocConnect\handlers\get_chats.php:11
Stack trace:
#0 {main}
  thrown in C:\xampp\htdocs\DocConnect\handlers\get_chats.php on line 11
[20-Oct-2024 07:51:32 Europe/Berlin] PHP Warning:  require_once(../classes/messages.class.php): Failed to open stream: No such file or directory in C:\xampp\htdocs\DocConnect\handlers\get_chats.php on line 11
[20-Oct-2024 07:51:32 Europe/Berlin] PHP Fatal error:  Uncaught Error: Failed opening required '../classes/messages.class.php' (include_path='C:\xampp\php\PEAR') in C:\xampp\htdocs\DocConnect\handlers\get_chats.php:11
Stack trace:
#0 {main}
  thrown in C:\xampp\htdocs\DocConnect\handlers\get_chats.php on line 11
[20-Oct-2024 07:51:32 Europe/Berlin] PHP Warning:  require_once(../classes/messages.class.php): Failed to open stream: No such file or directory in C:\xampp\htdocs\DocConnect\handlers\get_chats.php on line 11
[20-Oct-2024 07:51:32 Europe/Berlin] PHP Fatal error:  Uncaught Error: Failed opening required '../classes/messages.class.php' (include_path='C:\xampp\php\PEAR') in C:\xampp\htdocs\DocConnect\handlers\get_chats.php:11
Stack trace:
#0 {main}
  thrown in C:\xampp\htdocs\DocConnect\handlers\get_chats.php on line 11
[20-Oct-2024 07:51:32 Europe/Berlin] PHP Warning:  require_once(../classes/messages.class.php): Failed to open stream: No such file or directory in C:\xampp\htdocs\DocConnect\handlers\get_chats.php on line 11
[20-Oct-2024 07:51:32 Europe/Berlin] PHP Fatal error:  Uncaught Error: Failed opening required '../classes/messages.class.php' (include_path='C:\xampp\php\PEAR') in C:\xampp\htdocs\DocConnect\handlers\get_chats.php:11
Stack trace:
#0 {main}
  thrown in C:\xampp\htdocs\DocConnect\handlers\get_chats.php on line 11
[20-Oct-2024 07:51:32 Europe/Berlin] PHP Warning:  require_once(../classes/messages.class.php): Failed to open stream: No such file or directory in C:\xampp\htdocs\DocConnect\handlers\get_chats.php on line 11
[20-Oct-2024 07:51:32 Europe/Berlin] PHP Fatal error:  Uncaught Error: Failed opening required '../classes/messages.class.php' (include_path='C:\xampp\php\PEAR') in C:\xampp\htdocs\DocConnect\handlers\get_chats.php:11
Stack trace:
#0 {main}
  thrown in C:\xampp\htdocs\DocConnect\handlers\get_chats.php on line 11
[20-Oct-2024 07:52:12 Europe/Berlin] PHP Warning:  require_once(../classes/messages.class.php): Failed to open stream: No such file or directory in C:\xampp\htdocs\DocConnect\handlers\get_chats.php on line 10
[20-Oct-2024 07:52:12 Europe/Berlin] PHP Fatal error:  Uncaught Error: Failed opening required '../classes/messages.class.php' (include_path='C:\xampp\php\PEAR') in C:\xampp\htdocs\DocConnect\handlers\get_chats.php:10
Stack trace:
#0 {main}
  thrown in C:\xampp\htdocs\DocConnect\handlers\get_chats.php on line 10
[20-Oct-2024 07:52:13 Europe/Berlin] PHP Warning:  require_once(../classes/messages.class.php): Failed to open stream: No such file or directory in C:\xampp\htdocs\DocConnect\handlers\get_chats.php on line 10
[20-Oct-2024 07:52:13 Europe/Berlin] PHP Fatal error:  Uncaught Error: Failed opening required '../classes/messages.class.php' (include_path='C:\xampp\php\PEAR') in C:\xampp\htdocs\DocConnect\handlers\get_chats.php:10
Stack trace:
#0 {main}
  thrown in C:\xampp\htdocs\DocConnect\handlers\get_chats.php on line 10
[20-Oct-2024 07:52:14 Europe/Berlin] PHP Warning:  require_once(../classes/messages.class.php): Failed to open stream: No such file or directory in C:\xampp\htdocs\DocConnect\handlers\get_chats.php on line 10
[20-Oct-2024 07:52:14 Europe/Berlin] PHP Fatal error:  Uncaught Error: Failed opening required '../classes/messages.class.php' (include_path='C:\xampp\php\PEAR') in C:\xampp\htdocs\DocConnect\handlers\get_chats.php:10
Stack trace:
#0 {main}
  thrown in C:\xampp\htdocs\DocConnect\handlers\get_chats.php on line 10
[20-Oct-2024 07:52:15 Europe/Berlin] PHP Warning:  require_once(../classes/messages.class.php): Failed to open stream: No such file or directory in C:\xampp\htdocs\DocConnect\handlers\get_chats.php on line 10
[20-Oct-2024 07:52:15 Europe/Berlin] PHP Fatal error:  Uncaught Error: Failed opening required '../classes/messages.class.php' (include_path='C:\xampp\php\PEAR') in C:\xampp\htdocs\DocConnect\handlers\get_chats.php:10
Stack trace:
#0 {main}
  thrown in C:\xampp\htdocs\DocConnect\handlers\get_chats.php on line 10
[20-Oct-2024 07:52:15 Europe/Berlin] PHP Warning:  require_once(../classes/messages.class.php): Failed to open stream: No such file or directory in C:\xampp\htdocs\DocConnect\handlers\get_chats.php on line 10
[20-Oct-2024 07:52:15 Europe/Berlin] PHP Fatal error:  Uncaught Error: Failed opening required '../classes/messages.class.php' (include_path='C:\xampp\php\PEAR') in C:\xampp\htdocs\DocConnect\handlers\get_chats.php:10
Stack trace:
#0 {main}
  thrown in C:\xampp\htdocs\DocConnect\handlers\get_chats.php on line 10
[20-Oct-2024 07:52:17 Europe/Berlin] PHP Warning:  require_once(../classes/messages.class.php): Failed to open stream: No such file or directory in C:\xampp\htdocs\DocConnect\handlers\get_chats.php on line 10
[20-Oct-2024 07:52:17 Europe/Berlin] PHP Fatal error:  Uncaught Error: Failed opening required '../classes/messages.class.php' (include_path='C:\xampp\php\PEAR') in C:\xampp\htdocs\DocConnect\handlers\get_chats.php:10
Stack trace:
#0 {main}
  thrown in C:\xampp\htdocs\DocConnect\handlers\get_chats.php on line 10
[20-Oct-2024 07:52:17 Europe/Berlin] PHP Warning:  require_once(../classes/messages.class.php): Failed to open stream: No such file or directory in C:\xampp\htdocs\DocConnect\handlers\get_chats.php on line 10
[20-Oct-2024 07:52:17 Europe/Berlin] PHP Fatal error:  Uncaught Error: Failed opening required '../classes/messages.class.php' (include_path='C:\xampp\php\PEAR') in C:\xampp\htdocs\DocConnect\handlers\get_chats.php:10
Stack trace:
#0 {main}
  thrown in C:\xampp\htdocs\DocConnect\handlers\get_chats.php on line 10
[20-Oct-2024 07:53:11 Europe/Berlin] PHP Warning:  require_once(../classes/messages.class.php): Failed to open stream: No such file or directory in C:\xampp\htdocs\DocConnect\handlers\get_chats.php on line 10
[20-Oct-2024 07:53:11 Europe/Berlin] PHP Fatal error:  Uncaught Error: Failed opening required '../classes/messages.class.php' (include_path='C:\xampp\php\PEAR') in C:\xampp\htdocs\DocConnect\handlers\get_chats.php:10
Stack trace:
#0 {main}
  thrown in C:\xampp\htdocs\DocConnect\handlers\get_chats.php on line 10
[20-Oct-2024 07:53:12 Europe/Berlin] PHP Warning:  require_once(../classes/messages.class.php): Failed to open stream: No such file or directory in C:\xampp\htdocs\DocConnect\handlers\get_chats.php on line 10
[20-Oct-2024 07:53:12 Europe/Berlin] PHP Fatal error:  Uncaught Error: Failed opening required '../classes/messages.class.php' (include_path='C:\xampp\php\PEAR') in C:\xampp\htdocs\DocConnect\handlers\get_chats.php:10
Stack trace:
#0 {main}
  thrown in C:\xampp\htdocs\DocConnect\handlers\get_chats.php on line 10
[20-Oct-2024 07:53:13 Europe/Berlin] PHP Warning:  require_once(../classes/messages.class.php): Failed to open stream: No such file or directory in C:\xampp\htdocs\DocConnect\handlers\get_chats.php on line 10
[20-Oct-2024 07:53:13 Europe/Berlin] PHP Fatal error:  Uncaught Error: Failed opening required '../classes/messages.class.php' (include_path='C:\xampp\php\PEAR') in C:\xampp\htdocs\DocConnect\handlers\get_chats.php:10
Stack trace:
#0 {main}
  thrown in C:\xampp\htdocs\DocConnect\handlers\get_chats.php on line 10
[20-Oct-2024 07:53:42 Europe/Berlin] PHP Warning:  require_once(../classes/messages.class.php): Failed to open stream: No such file or directory in C:\xampp\htdocs\DocConnect\handlers\get_chats.php on line 10
[20-Oct-2024 07:53:42 Europe/Berlin] PHP Fatal error:  Uncaught Error: Failed opening required '../classes/messages.class.php' (include_path='C:\xampp\php\PEAR') in C:\xampp\htdocs\DocConnect\handlers\get_chats.php:10
Stack trace:
#0 {main}
  thrown in C:\xampp\htdocs\DocConnect\handlers\get_chats.php on line 10
[20-Oct-2024 07:53:43 Europe/Berlin] PHP Warning:  require_once(../classes/messages.class.php): Failed to open stream: No such file or directory in C:\xampp\htdocs\DocConnect\handlers\get_chats.php on line 10
[20-Oct-2024 07:53:43 Europe/Berlin] PHP Fatal error:  Uncaught Error: Failed opening required '../classes/messages.class.php' (include_path='C:\xampp\php\PEAR') in C:\xampp\htdocs\DocConnect\handlers\get_chats.php:10
Stack trace:
#0 {main}
  thrown in C:\xampp\htdocs\DocConnect\handlers\get_chats.php on line 10
[20-Oct-2024 07:53:44 Europe/Berlin] PHP Warning:  require_once(../classes/messages.class.php): Failed to open stream: No such file or directory in C:\xampp\htdocs\DocConnect\handlers\get_chats.php on line 10
[20-Oct-2024 07:53:44 Europe/Berlin] PHP Fatal error:  Uncaught Error: Failed opening required '../classes/messages.class.php' (include_path='C:\xampp\php\PEAR') in C:\xampp\htdocs\DocConnect\handlers\get_chats.php:10
Stack trace:
#0 {main}
  thrown in C:\xampp\htdocs\DocConnect\handlers\get_chats.php on line 10
[20-Oct-2024 07:54:04 Europe/Berlin] PHP Warning:  require_once(../classes/messages.class.php): Failed to open stream: No such file or directory in C:\xampp\htdocs\DocConnect\handlers\get_chats.php on line 11
[20-Oct-2024 07:54:04 Europe/Berlin] PHP Fatal error:  Uncaught Error: Failed opening required '../classes/messages.class.php' (include_path='C:\xampp\php\PEAR') in C:\xampp\htdocs\DocConnect\handlers\get_chats.php:11
Stack trace:
#0 {main}
  thrown in C:\xampp\htdocs\DocConnect\handlers\get_chats.php on line 11
[20-Oct-2024 07:54:05 Europe/Berlin] PHP Warning:  require_once(../classes/messages.class.php): Failed to open stream: No such file or directory in C:\xampp\htdocs\DocConnect\handlers\get_chats.php on line 11
[20-Oct-2024 07:54:05 Europe/Berlin] PHP Fatal error:  Uncaught Error: Failed opening required '../classes/messages.class.php' (include_path='C:\xampp\php\PEAR') in C:\xampp\htdocs\DocConnect\handlers\get_chats.php:11
Stack trace:
#0 {main}
  thrown in C:\xampp\htdocs\DocConnect\handlers\get_chats.php on line 11
[20-Oct-2024 07:54:06 Europe/Berlin] PHP Warning:  require_once(../classes/messages.class.php): Failed to open stream: No such file or directory in C:\xampp\htdocs\DocConnect\handlers\get_chats.php on line 11
[20-Oct-2024 07:54:06 Europe/Berlin] PHP Fatal error:  Uncaught Error: Failed opening required '../classes/messages.class.php' (include_path='C:\xampp\php\PEAR') in C:\xampp\htdocs\DocConnect\handlers\get_chats.php:11
Stack trace:
#0 {main}
  thrown in C:\xampp\htdocs\DocConnect\handlers\get_chats.php on line 11
[20-Oct-2024 07:54:33 Europe/Berlin] PHP Warning:  require_once(../classes/messages.class.php): Failed to open stream: No such file or directory in C:\xampp\htdocs\DocConnect\handlers\get_chats.php on line 11
[20-Oct-2024 07:54:33 Europe/Berlin] PHP Fatal error:  Uncaught Error: Failed opening required '../classes/messages.class.php' (include_path='C:\xampp\php\PEAR') in C:\xampp\htdocs\DocConnect\handlers\get_chats.php:11
Stack trace:
#0 {main}
  thrown in C:\xampp\htdocs\DocConnect\handlers\get_chats.php on line 11
[20-Oct-2024 07:54:34 Europe/Berlin] PHP Warning:  require_once(../classes/messages.class.php): Failed to open stream: No such file or directory in C:\xampp\htdocs\DocConnect\handlers\get_chats.php on line 11
[20-Oct-2024 07:54:34 Europe/Berlin] PHP Fatal error:  Uncaught Error: Failed opening required '../classes/messages.class.php' (include_path='C:\xampp\php\PEAR') in C:\xampp\htdocs\DocConnect\handlers\get_chats.php:11
Stack trace:
#0 {main}
  thrown in C:\xampp\htdocs\DocConnect\handlers\get_chats.php on line 11
[20-Oct-2024 07:54:35 Europe/Berlin] PHP Warning:  require_once(../classes/messages.class.php): Failed to open stream: No such file or directory in C:\xampp\htdocs\DocConnect\handlers\get_chats.php on line 11
[20-Oct-2024 07:54:35 Europe/Berlin] PHP Fatal error:  Uncaught Error: Failed opening required '../classes/messages.class.php' (include_path='C:\xampp\php\PEAR') in C:\xampp\htdocs\DocConnect\handlers\get_chats.php:11
Stack trace:
#0 {main}
  thrown in C:\xampp\htdocs\DocConnect\handlers\get_chats.php on line 11
[20-Oct-2024 07:54:36 Europe/Berlin] PHP Warning:  require_once(../classes/messages.class.php): Failed to open stream: No such file or directory in C:\xampp\htdocs\DocConnect\handlers\get_chats.php on line 11
[20-Oct-2024 07:54:36 Europe/Berlin] PHP Fatal error:  Uncaught Error: Failed opening required '../classes/messages.class.php' (include_path='C:\xampp\php\PEAR') in C:\xampp\htdocs\DocConnect\handlers\get_chats.php:11
Stack trace:
#0 {main}
  thrown in C:\xampp\htdocs\DocConnect\handlers\get_chats.php on line 11
[20-Oct-2024 07:54:37 Europe/Berlin] PHP Warning:  require_once(../classes/messages.class.php): Failed to open stream: No such file or directory in C:\xampp\htdocs\DocConnect\handlers\get_chats.php on line 11
[20-Oct-2024 07:54:37 Europe/Berlin] PHP Fatal error:  Uncaught Error: Failed opening required '../classes/messages.class.php' (include_path='C:\xampp\php\PEAR') in C:\xampp\htdocs\DocConnect\handlers\get_chats.php:11
Stack trace:
#0 {main}
  thrown in C:\xampp\htdocs\DocConnect\handlers\get_chats.php on line 11
[20-Oct-2024 07:54:37 Europe/Berlin] PHP Warning:  require_once(../classes/messages.class.php): Failed to open stream: No such file or directory in C:\xampp\htdocs\DocConnect\handlers\get_chats.php on line 11
[20-Oct-2024 07:54:37 Europe/Berlin] PHP Fatal error:  Uncaught Error: Failed opening required '../classes/messages.class.php' (include_path='C:\xampp\php\PEAR') in C:\xampp\htdocs\DocConnect\handlers\get_chats.php:11
Stack trace:
#0 {main}
  thrown in C:\xampp\htdocs\DocConnect\handlers\get_chats.php on line 11
[20-Oct-2024 07:54:38 Europe/Berlin] PHP Warning:  require_once(../classes/messages.class.php): Failed to open stream: No such file or directory in C:\xampp\htdocs\DocConnect\handlers\get_chats.php on line 11
[20-Oct-2024 07:54:38 Europe/Berlin] PHP Fatal error:  Uncaught Error: Failed opening required '../classes/messages.class.php' (include_path='C:\xampp\php\PEAR') in C:\xampp\htdocs\DocConnect\handlers\get_chats.php:11
Stack trace:
#0 {main}
  thrown in C:\xampp\htdocs\DocConnect\handlers\get_chats.php on line 11
[20-Oct-2024 07:54:38 Europe/Berlin] PHP Warning:  require_once(../classes/messages.class.php): Failed to open stream: No such file or directory in C:\xampp\htdocs\DocConnect\handlers\get_chats.php on line 11
[20-Oct-2024 07:54:38 Europe/Berlin] PHP Fatal error:  Uncaught Error: Failed opening required '../classes/messages.class.php' (include_path='C:\xampp\php\PEAR') in C:\xampp\htdocs\DocConnect\handlers\get_chats.php:11
Stack trace:
#0 {main}
  thrown in C:\xampp\htdocs\DocConnect\handlers\get_chats.php on line 11
[20-Oct-2024 07:54:39 Europe/Berlin] PHP Warning:  require_once(../classes/messages.class.php): Failed to open stream: No such file or directory in C:\xampp\htdocs\DocConnect\handlers\get_chats.php on line 11
[20-Oct-2024 07:54:39 Europe/Berlin] PHP Fatal error:  Uncaught Error: Failed opening required '../classes/messages.class.php' (include_path='C:\xampp\php\PEAR') in C:\xampp\htdocs\DocConnect\handlers\get_chats.php:11
Stack trace:
#0 {main}
  thrown in C:\xampp\htdocs\DocConnect\handlers\get_chats.php on line 11
[20-Oct-2024 07:54:39 Europe/Berlin] PHP Warning:  require_once(../classes/messages.class.php): Failed to open stream: No such file or directory in C:\xampp\htdocs\DocConnect\handlers\get_chats.php on line 11
[20-Oct-2024 07:54:39 Europe/Berlin] PHP Fatal error:  Uncaught Error: Failed opening required '../classes/messages.class.php' (include_path='C:\xampp\php\PEAR') in C:\xampp\htdocs\DocConnect\handlers\get_chats.php:11
Stack trace:
#0 {main}
  thrown in C:\xampp\htdocs\DocConnect\handlers\get_chats.php on line 11
[20-Oct-2024 07:54:40 Europe/Berlin] PHP Warning:  require_once(../classes/messages.class.php): Failed to open stream: No such file or directory in C:\xampp\htdocs\DocConnect\handlers\get_chats.php on line 11
[20-Oct-2024 07:54:40 Europe/Berlin] PHP Fatal error:  Uncaught Error: Failed opening required '../classes/messages.class.php' (include_path='C:\xampp\php\PEAR') in C:\xampp\htdocs\DocConnect\handlers\get_chats.php:11
Stack trace:
#0 {main}
  thrown in C:\xampp\htdocs\DocConnect\handlers\get_chats.php on line 11
[20-Oct-2024 07:54:40 Europe/Berlin] PHP Warning:  require_once(../classes/messages.class.php): Failed to open stream: No such file or directory in C:\xampp\htdocs\DocConnect\handlers\get_chats.php on line 11
[20-Oct-2024 07:54:40 Europe/Berlin] PHP Fatal error:  Uncaught Error: Failed opening required '../classes/messages.class.php' (include_path='C:\xampp\php\PEAR') in C:\xampp\htdocs\DocConnect\handlers\get_chats.php:11
Stack trace:
#0 {main}
  thrown in C:\xampp\htdocs\DocConnect\handlers\get_chats.php on line 11
[20-Oct-2024 07:54:42 Europe/Berlin] PHP Warning:  require_once(../classes/messages.class.php): Failed to open stream: No such file or directory in C:\xampp\htdocs\DocConnect\handlers\get_chats.php on line 11
[20-Oct-2024 07:54:42 Europe/Berlin] PHP Fatal error:  Uncaught Error: Failed opening required '../classes/messages.class.php' (include_path='C:\xampp\php\PEAR') in C:\xampp\htdocs\DocConnect\handlers\get_chats.php:11
Stack trace:
#0 {main}
  thrown in C:\xampp\htdocs\DocConnect\handlers\get_chats.php on line 11
[20-Oct-2024 07:54:42 Europe/Berlin] PHP Warning:  require_once(../classes/messages.class.php): Failed to open stream: No such file or directory in C:\xampp\htdocs\DocConnect\handlers\get_chats.php on line 11
[20-Oct-2024 07:54:42 Europe/Berlin] PHP Fatal error:  Uncaught Error: Failed opening required '../classes/messages.class.php' (include_path='C:\xampp\php\PEAR') in C:\xampp\htdocs\DocConnect\handlers\get_chats.php:11
Stack trace:
#0 {main}
  thrown in C:\xampp\htdocs\DocConnect\handlers\get_chats.php on line 11
[20-Oct-2024 07:54:43 Europe/Berlin] PHP Warning:  require_once(../classes/messages.class.php): Failed to open stream: No such file or directory in C:\xampp\htdocs\DocConnect\handlers\get_chats.php on line 11
[20-Oct-2024 07:54:43 Europe/Berlin] PHP Fatal error:  Uncaught Error: Failed opening required '../classes/messages.class.php' (include_path='C:\xampp\php\PEAR') in C:\xampp\htdocs\DocConnect\handlers\get_chats.php:11
Stack trace:
#0 {main}
  thrown in C:\xampp\htdocs\DocConnect\handlers\get_chats.php on line 11
[20-Oct-2024 07:54:43 Europe/Berlin] PHP Warning:  require_once(../classes/messages.class.php): Failed to open stream: No such file or directory in C:\xampp\htdocs\DocConnect\handlers\get_chats.php on line 11
[20-Oct-2024 07:54:43 Europe/Berlin] PHP Fatal error:  Uncaught Error: Failed opening required '../classes/messages.class.php' (include_path='C:\xampp\php\PEAR') in C:\xampp\htdocs\DocConnect\handlers\get_chats.php:11
Stack trace:
#0 {main}
  thrown in C:\xampp\htdocs\DocConnect\handlers\get_chats.php on line 11
[20-Oct-2024 07:54:43 Europe/Berlin] PHP Warning:  require_once(../classes/messages.class.php): Failed to open stream: No such file or directory in C:\xampp\htdocs\DocConnect\handlers\get_chats.php on line 11
[20-Oct-2024 07:54:43 Europe/Berlin] PHP Fatal error:  Uncaught Error: Failed opening required '../classes/messages.class.php' (include_path='C:\xampp\php\PEAR') in C:\xampp\htdocs\DocConnect\handlers\get_chats.php:11
Stack trace:
#0 {main}
  thrown in C:\xampp\htdocs\DocConnect\handlers\get_chats.php on line 11
[20-Oct-2024 07:54:43 Europe/Berlin] PHP Warning:  require_once(../classes/messages.class.php): Failed to open stream: No such file or directory in C:\xampp\htdocs\DocConnect\handlers\get_chats.php on line 11
[20-Oct-2024 07:54:43 Europe/Berlin] PHP Fatal error:  Uncaught Error: Failed opening required '../classes/messages.class.php' (include_path='C:\xampp\php\PEAR') in C:\xampp\htdocs\DocConnect\handlers\get_chats.php:11
Stack trace:
#0 {main}
  thrown in C:\xampp\htdocs\DocConnect\handlers\get_chats.php on line 11
[20-Oct-2024 07:54:43 Europe/Berlin] PHP Warning:  require_once(../classes/messages.class.php): Failed to open stream: No such file or directory in C:\xampp\htdocs\DocConnect\handlers\get_chats.php on line 11
[20-Oct-2024 07:54:43 Europe/Berlin] PHP Fatal error:  Uncaught Error: Failed opening required '../classes/messages.class.php' (include_path='C:\xampp\php\PEAR') in C:\xampp\htdocs\DocConnect\handlers\get_chats.php:11
Stack trace:
#0 {main}
  thrown in C:\xampp\htdocs\DocConnect\handlers\get_chats.php on line 11
[20-Oct-2024 07:55:39 Europe/Berlin] PHP Warning:  require_once(../classes/messages.class.php): Failed to open stream: No such file or directory in C:\xampp\htdocs\DocConnect\handlers\get_chats.php on line 10
[20-Oct-2024 07:55:39 Europe/Berlin] PHP Fatal error:  Uncaught Error: Failed opening required '../classes/messages.class.php' (include_path='C:\xampp\php\PEAR') in C:\xampp\htdocs\DocConnect\handlers\get_chats.php:10
Stack trace:
#0 {main}
  thrown in C:\xampp\htdocs\DocConnect\handlers\get_chats.php on line 10
[20-Oct-2024 07:55:40 Europe/Berlin] PHP Warning:  require_once(../classes/messages.class.php): Failed to open stream: No such file or directory in C:\xampp\htdocs\DocConnect\handlers\get_chats.php on line 10
[20-Oct-2024 07:55:40 Europe/Berlin] PHP Fatal error:  Uncaught Error: Failed opening required '../classes/messages.class.php' (include_path='C:\xampp\php\PEAR') in C:\xampp\htdocs\DocConnect\handlers\get_chats.php:10
Stack trace:
#0 {main}
  thrown in C:\xampp\htdocs\DocConnect\handlers\get_chats.php on line 10
[20-Oct-2024 07:56:09 Europe/Berlin] PHP Warning:  require_once(../classes/messages.class.php): Failed to open stream: No such file or directory in C:\xampp\htdocs\DocConnect\handlers\get_chats.php on line 11
[20-Oct-2024 07:56:09 Europe/Berlin] PHP Fatal error:  Uncaught Error: Failed opening required '../classes/messages.class.php' (include_path='C:\xampp\php\PEAR') in C:\xampp\htdocs\DocConnect\handlers\get_chats.php:11
Stack trace:
#0 {main}
  thrown in C:\xampp\htdocs\DocConnect\handlers\get_chats.php on line 11
[20-Oct-2024 07:56:09 Europe/Berlin] PHP Warning:  require_once(../classes/messages.class.php): Failed to open stream: No such file or directory in C:\xampp\htdocs\DocConnect\handlers\get_chats.php on line 11
[20-Oct-2024 07:56:09 Europe/Berlin] PHP Fatal error:  Uncaught Error: Failed opening required '../classes/messages.class.php' (include_path='C:\xampp\php\PEAR') in C:\xampp\htdocs\DocConnect\handlers\get_chats.php:11
Stack trace:
#0 {main}
  thrown in C:\xampp\htdocs\DocConnect\handlers\get_chats.php on line 11
[20-Oct-2024 07:56:10 Europe/Berlin] PHP Warning:  require_once(../classes/messages.class.php): Failed to open stream: No such file or directory in C:\xampp\htdocs\DocConnect\handlers\get_chats.php on line 11
[20-Oct-2024 07:56:10 Europe/Berlin] PHP Fatal error:  Uncaught Error: Failed opening required '../classes/messages.class.php' (include_path='C:\xampp\php\PEAR') in C:\xampp\htdocs\DocConnect\handlers\get_chats.php:11
Stack trace:
#0 {main}
  thrown in C:\xampp\htdocs\DocConnect\handlers\get_chats.php on line 11
[20-Oct-2024 08:55:06 Europe/Berlin] PHP Warning:  Undefined variable $chatWith in C:\xampp\htdocs\DocConnect\handlers\mark_messages_read.php on line 21
[20-Oct-2024 08:55:07 Europe/Berlin] PHP Warning:  Undefined variable $chatWith in C:\xampp\htdocs\DocConnect\handlers\mark_messages_read.php on line 21
[20-Oct-2024 08:55:07 Europe/Berlin] PHP Warning:  Undefined variable $chatWith in C:\xampp\htdocs\DocConnect\handlers\mark_messages_read.php on line 21
[20-Oct-2024 08:55:08 Europe/Berlin] PHP Warning:  Undefined variable $chatWith in C:\xampp\htdocs\DocConnect\handlers\mark_messages_read.php on line 21
[20-Oct-2024 08:55:08 Europe/Berlin] PHP Warning:  Undefined variable $chatWith in C:\xampp\htdocs\DocConnect\handlers\mark_messages_read.php on line 21
[20-Oct-2024 08:55:08 Europe/Berlin] PHP Warning:  Undefined variable $chatWith in C:\xampp\htdocs\DocConnect\handlers\mark_messages_read.php on line 21
[20-Oct-2024 08:55:09 Europe/Berlin] PHP Warning:  Undefined variable $chatWith in C:\xampp\htdocs\DocConnect\handlers\mark_messages_read.php on line 21
[20-Oct-2024 08:55:09 Europe/Berlin] PHP Warning:  Undefined variable $chatWith in C:\xampp\htdocs\DocConnect\handlers\mark_messages_read.php on line 21
[20-Oct-2024 08:55:09 Europe/Berlin] PHP Warning:  Undefined variable $chatWith in C:\xampp\htdocs\DocConnect\handlers\mark_messages_read.php on line 21
[20-Oct-2024 08:55:10 Europe/Berlin] PHP Warning:  Undefined variable $chatWith in C:\xampp\htdocs\DocConnect\handlers\mark_messages_read.php on line 21
[20-Oct-2024 08:55:10 Europe/Berlin] PHP Fatal error:  Uncaught Error: PDOStatement::bindParam(): Argument #2 ($var) cannot be passed by reference in C:\xampp\htdocs\DocConnect\classes\message.class.php:65
Stack trace:
#0 C:\xampp\htdocs\DocConnect\handlers\get_chats.php(51): Message->get_chats('31', '1', 'd')
#1 {main}
  thrown in C:\xampp\htdocs\DocConnect\classes\message.class.php on line 65
[20-Oct-2024 08:55:11 Europe/Berlin] PHP Fatal error:  Uncaught Error: PDOStatement::bindParam(): Argument #2 ($var) cannot be passed by reference in C:\xampp\htdocs\DocConnect\classes\message.class.php:65
Stack trace:
#0 C:\xampp\htdocs\DocConnect\handlers\get_chats.php(51): Message->get_chats('31', '1', 'do')
#1 {main}
  thrown in C:\xampp\htdocs\DocConnect\classes\message.class.php on line 65
[20-Oct-2024 08:55:11 Europe/Berlin] PHP Fatal error:  Uncaught Error: PDOStatement::bindParam(): Argument #2 ($var) cannot be passed by reference in C:\xampp\htdocs\DocConnect\classes\message.class.php:65
Stack trace:
#0 C:\xampp\htdocs\DocConnect\handlers\get_chats.php(51): Message->get_chats('31', '1', 'doc')
#1 {main}
  thrown in C:\xampp\htdocs\DocConnect\classes\message.class.php on line 65
[20-Oct-2024 08:55:12 Europe/Berlin] PHP Fatal error:  Uncaught Error: PDOStatement::bindParam(): Argument #2 ($var) cannot be passed by reference in C:\xampp\htdocs\DocConnect\classes\message.class.php:65
Stack trace:
#0 C:\xampp\htdocs\DocConnect\handlers\get_chats.php(51): Message->get_chats('31', '1', 'doc')
#1 {main}
  thrown in C:\xampp\htdocs\DocConnect\classes\message.class.php on line 65
[20-Oct-2024 08:55:12 Europe/Berlin] PHP Fatal error:  Uncaught Error: PDOStatement::bindParam(): Argument #2 ($var) cannot be passed by reference in C:\xampp\htdocs\DocConnect\classes\message.class.php:65
Stack trace:
#0 C:\xampp\htdocs\DocConnect\handlers\get_chats.php(51): Message->get_chats('31', '1', 'doc f')
#1 {main}
  thrown in C:\xampp\htdocs\DocConnect\classes\message.class.php on line 65
[20-Oct-2024 08:55:12 Europe/Berlin] PHP Fatal error:  Uncaught Error: PDOStatement::bindParam(): Argument #2 ($var) cannot be passed by reference in C:\xampp\htdocs\DocConnect\classes\message.class.php:65
Stack trace:
#0 C:\xampp\htdocs\DocConnect\handlers\get_chats.php(51): Message->get_chats('31', '1', 'doc fe')
#1 {main}
  thrown in C:\xampp\htdocs\DocConnect\classes\message.class.php on line 65
[20-Oct-2024 08:55:12 Europe/Berlin] PHP Fatal error:  Uncaught Error: PDOStatement::bindParam(): Argument #2 ($var) cannot be passed by reference in C:\xampp\htdocs\DocConnect\classes\message.class.php:65
Stack trace:
#0 C:\xampp\htdocs\DocConnect\handlers\get_chats.php(51): Message->get_chats('31', '1', 'doc fei')
#1 {main}
  thrown in C:\xampp\htdocs\DocConnect\classes\message.class.php on line 65
[20-Oct-2024 08:55:12 Europe/Berlin] PHP Fatal error:  Uncaught Error: PDOStatement::bindParam(): Argument #2 ($var) cannot be passed by reference in C:\xampp\htdocs\DocConnect\classes\message.class.php:65
Stack trace:
#0 C:\xampp\htdocs\DocConnect\handlers\get_chats.php(51): Message->get_chats('31', '1', 'doc fe')
#1 {main}
  thrown in C:\xampp\htdocs\DocConnect\classes\message.class.php on line 65
[20-Oct-2024 08:55:13 Europe/Berlin] PHP Fatal error:  Uncaught Error: PDOStatement::bindParam(): Argument #2 ($var) cannot be passed by reference in C:\xampp\htdocs\DocConnect\classes\message.class.php:65
Stack trace:
#0 C:\xampp\htdocs\DocConnect\handlers\get_chats.php(51): Message->get_chats('31', '1', 'doc f')
#1 {main}
  thrown in C:\xampp\htdocs\DocConnect\classes\message.class.php on line 65
[20-Oct-2024 08:55:13 Europe/Berlin] PHP Fatal error:  Uncaught Error: PDOStatement::bindParam(): Argument #2 ($var) cannot be passed by reference in C:\xampp\htdocs\DocConnect\classes\message.class.php:65
Stack trace:
#0 C:\xampp\htdocs\DocConnect\handlers\get_chats.php(51): Message->get_chats('31', '1', 'doc')
#1 {main}
  thrown in C:\xampp\htdocs\DocConnect\classes\message.class.php on line 65
[20-Oct-2024 08:55:13 Europe/Berlin] PHP Fatal error:  Uncaught Error: PDOStatement::bindParam(): Argument #2 ($var) cannot be passed by reference in C:\xampp\htdocs\DocConnect\classes\message.class.php:65
Stack trace:
#0 C:\xampp\htdocs\DocConnect\handlers\get_chats.php(51): Message->get_chats('31', '1', 'doc')
#1 {main}
  thrown in C:\xampp\htdocs\DocConnect\classes\message.class.php on line 65
[20-Oct-2024 08:55:13 Europe/Berlin] PHP Fatal error:  Uncaught Error: PDOStatement::bindParam(): Argument #2 ($var) cannot be passed by reference in C:\xampp\htdocs\DocConnect\classes\message.class.php:65
Stack trace:
#0 C:\xampp\htdocs\DocConnect\handlers\get_chats.php(51): Message->get_chats('31', '1', 'do')
#1 {main}
  thrown in C:\xampp\htdocs\DocConnect\classes\message.class.php on line 65
[20-Oct-2024 08:55:13 Europe/Berlin] PHP Fatal error:  Uncaught Error: PDOStatement::bindParam(): Argument #2 ($var) cannot be passed by reference in C:\xampp\htdocs\DocConnect\classes\message.class.php:65
Stack trace:
#0 C:\xampp\htdocs\DocConnect\handlers\get_chats.php(51): Message->get_chats('31', '1', 'd')
#1 {main}
  thrown in C:\xampp\htdocs\DocConnect\classes\message.class.php on line 65
[20-Oct-2024 08:55:20 Europe/Berlin] PHP Warning:  Undefined variable $chatWith in C:\xampp\htdocs\DocConnect\handlers\mark_messages_read.php on line 21
[20-Oct-2024 08:55:20 Europe/Berlin] PHP Warning:  Undefined variable $chatWith in C:\xampp\htdocs\DocConnect\handlers\mark_messages_read.php on line 21
[20-Oct-2024 08:55:20 Europe/Berlin] PHP Warning:  Undefined variable $chatWith in C:\xampp\htdocs\DocConnect\handlers\mark_messages_read.php on line 21
[20-Oct-2024 08:55:20 Europe/Berlin] PHP Warning:  Undefined variable $chatWith in C:\xampp\htdocs\DocConnect\handlers\mark_messages_read.php on line 21
[20-Oct-2024 08:55:21 Europe/Berlin] PHP Warning:  Undefined variable $chatWith in C:\xampp\htdocs\DocConnect\handlers\mark_messages_read.php on line 21
[20-Oct-2024 08:55:22 Europe/Berlin] PHP Warning:  Undefined variable $chatWith in C:\xampp\htdocs\DocConnect\handlers\mark_messages_read.php on line 21
[20-Oct-2024 08:55:22 Europe/Berlin] PHP Warning:  Undefined variable $chatWith in C:\xampp\htdocs\DocConnect\handlers\mark_messages_read.php on line 21
[20-Oct-2024 08:55:22 Europe/Berlin] PHP Warning:  Undefined variable $chatWith in C:\xampp\htdocs\DocConnect\handlers\mark_messages_read.php on line 21
[20-Oct-2024 08:55:23 Europe/Berlin] PHP Warning:  Undefined variable $chatWith in C:\xampp\htdocs\DocConnect\handlers\mark_messages_read.php on line 21
[20-Oct-2024 08:55:23 Europe/Berlin] PHP Warning:  Undefined variable $chatWith in C:\xampp\htdocs\DocConnect\handlers\mark_messages_read.php on line 21
[20-Oct-2024 08:55:23 Europe/Berlin] PHP Warning:  Undefined variable $chatWith in C:\xampp\htdocs\DocConnect\handlers\mark_messages_read.php on line 21
